[2024-07-01T12:33:26.662+0000] {local_task_job_runner.py:120} INFO - ::group::Pre task execution logs
[2024-07-01T12:33:26.691+0000] {taskinstance.py:2076} INFO - Dependencies all met for dep_context=non-requeueable deps ti=<TaskInstance: taxi_trip_processing.remove_unwanted_columns manual_run_20240701_180323 [queued]>
[2024-07-01T12:33:26.868+0000] {taskinstance.py:2076} INFO - Dependencies all met for dep_context=requeueable deps ti=<TaskInstance: taxi_trip_processing.remove_unwanted_columns manual_run_20240701_180323 [queued]>
[2024-07-01T12:33:26.869+0000] {taskinstance.py:2306} INFO - Starting attempt 1 of 2
[2024-07-01T12:33:26.887+0000] {taskinstance.py:2330} INFO - Executing <Task(PythonOperator): remove_unwanted_columns> on 2024-07-01 12:33:23.393922+00:00
[2024-07-01T12:33:26.895+0000] {warnings.py:110} WARNING - /home/***/.local/lib/python3.12/site-packages/***/task/task_runner/standard_task_runner.py:61: DeprecationWarning: This process (pid=230) is multi-threaded, use of fork() may lead to deadlocks in the child.
  pid = os.fork()

[2024-07-01T12:33:26.897+0000] {standard_task_runner.py:63} INFO - Started process 232 to run task
[2024-07-01T12:33:26.896+0000] {standard_task_runner.py:90} INFO - Running: ['***', 'tasks', 'run', 'taxi_trip_processing', 'remove_unwanted_columns', 'manual_run_20240701_180323', '--job-id', '392', '--raw', '--subdir', 'DAGS_FOLDER/process_csv_dag.py', '--cfg-path', '/tmp/tmpzzeu5817']
[2024-07-01T12:33:26.899+0000] {standard_task_runner.py:91} INFO - Job 392: Subtask remove_unwanted_columns
[2024-07-01T12:33:26.964+0000] {task_command.py:426} INFO - Running <TaskInstance: taxi_trip_processing.remove_unwanted_columns manual_run_20240701_180323 [running]> on host 7fbd25afd4e9
[2024-07-01T12:33:27.136+0000] {taskinstance.py:2648} INFO - Exporting env vars: AIRFLOW_CTX_DAG_EMAIL='your_email@example.com' AIRFLOW_CTX_DAG_OWNER='Yukesh' AIRFLOW_CTX_DAG_ID='taxi_trip_processing' AIRFLOW_CTX_TASK_ID='remove_unwanted_columns' AIRFLOW_CTX_EXECUTION_DATE='2024-07-01T12:33:23.393922+00:00' AIRFLOW_CTX_TRY_NUMBER='1' AIRFLOW_CTX_DAG_RUN_ID='manual_run_20240701_180323'
[2024-07-01T12:33:27.138+0000] {taskinstance.py:430} INFO - ::endgroup::
[2024-07-01T12:33:27.183+0000] {warnings.py:110} WARNING - /opt/***/dags/process_csv_dag.py:33: FutureWarning: Passing literal json to 'read_json' is deprecated and will be removed in a future version. To read from a literal string, wrap it in a 'StringIO' object.
  df = pd.read_json(ti.xcom_pull(task_ids='load_data', key='loaded_df'))

[2024-07-01T12:33:27.233+0000] {python.py:237} INFO - Done. Returned value was: None
[2024-07-01T12:33:27.233+0000] {taskinstance.py:441} INFO - ::group::Post task execution logs
[2024-07-01T12:33:27.244+0000] {taskinstance.py:1206} INFO - Marking task as SUCCESS. dag_id=taxi_trip_processing, task_id=remove_unwanted_columns, run_id=manual_run_20240701_180323, execution_date=20240701T123323, start_date=20240701T123326, end_date=20240701T123327
[2024-07-01T12:33:27.274+0000] {local_task_job_runner.py:240} INFO - Task exited with return code 0
[2024-07-01T12:33:27.310+0000] {taskinstance.py:3498} INFO - 1 downstream tasks scheduled from follow-on schedule check
[2024-07-01T12:33:27.313+0000] {local_task_job_runner.py:222} INFO - ::endgroup::
