[2024-07-11T16:38:31.061+0000] {local_task_job_runner.py:120} INFO - ::group::Pre task execution logs
[2024-07-11T16:38:31.112+0000] {taskinstance.py:2076} INFO - Dependencies all met for dep_context=non-requeueable deps ti=<TaskInstance: taxi_trip_processing.write_output_to_csv manual_run_20240711_220807 [queued]>
[2024-07-11T16:38:31.130+0000] {taskinstance.py:2076} INFO - Dependencies all met for dep_context=requeueable deps ti=<TaskInstance: taxi_trip_processing.write_output_to_csv manual_run_20240711_220807 [queued]>
[2024-07-11T16:38:31.132+0000] {taskinstance.py:2306} INFO - Starting attempt 1 of 2
[2024-07-11T16:38:31.164+0000] {taskinstance.py:2330} INFO - Executing <Task(PythonOperator): write_output_to_csv> on 2024-07-11 16:38:08.955044+00:00
[2024-07-11T16:38:31.177+0000] {warnings.py:110} WARNING - /home/***/.local/lib/python3.12/site-packages/***/task/task_runner/standard_task_runner.py:61: DeprecationWarning: This process (pid=677) is multi-threaded, use of fork() may lead to deadlocks in the child.
  pid = os.fork()

[2024-07-11T16:38:31.181+0000] {standard_task_runner.py:63} INFO - Started process 680 to run task
[2024-07-11T16:38:31.181+0000] {standard_task_runner.py:90} INFO - Running: ['***', 'tasks', 'run', 'taxi_trip_processing', 'write_output_to_csv', 'manual_run_20240711_220807', '--job-id', '579', '--raw', '--subdir', 'DAGS_FOLDER/process_csv_dag.py', '--cfg-path', '/tmp/tmp9p491edm']
[2024-07-11T16:38:31.185+0000] {standard_task_runner.py:91} INFO - Job 579: Subtask write_output_to_csv
[2024-07-11T16:38:31.268+0000] {task_command.py:426} INFO - Running <TaskInstance: taxi_trip_processing.write_output_to_csv manual_run_20240711_220807 [running]> on host 7fbd25afd4e9
[2024-07-11T16:38:31.497+0000] {taskinstance.py:2648} INFO - Exporting env vars: AIRFLOW_CTX_DAG_EMAIL='your_email@gmail.com' AIRFLOW_CTX_DAG_OWNER='Yukesh' AIRFLOW_CTX_DAG_ID='taxi_trip_processing' AIRFLOW_CTX_TASK_ID='write_output_to_csv' AIRFLOW_CTX_EXECUTION_DATE='2024-07-11T16:38:08.955044+00:00' AIRFLOW_CTX_TRY_NUMBER='1' AIRFLOW_CTX_DAG_RUN_ID='manual_run_20240711_220807'
[2024-07-11T16:38:31.500+0000] {taskinstance.py:430} INFO - ::endgroup::
[2024-07-11T16:38:31.552+0000] {warnings.py:110} WARNING - /opt/***/dags/process_csv_dag.py:112: FutureWarning: Passing literal json to 'read_json' is deprecated and will be removed in a future version. To read from a literal string, wrap it in a 'StringIO' object.
  df = pd.read_json(ti.xcom_pull(task_ids='rename_columns', key='renamed_df'))

[2024-07-11T16:38:31.608+0000] {python.py:237} INFO - Done. Returned value was: None
[2024-07-11T16:38:31.609+0000] {taskinstance.py:441} INFO - ::group::Post task execution logs
[2024-07-11T16:38:31.631+0000] {taskinstance.py:1206} INFO - Marking task as SUCCESS. dag_id=taxi_trip_processing, task_id=write_output_to_csv, run_id=manual_run_20240711_220807, execution_date=20240711T163808, start_date=20240711T163831, end_date=20240711T163831
[2024-07-11T16:38:31.679+0000] {local_task_job_runner.py:240} INFO - Task exited with return code 0
[2024-07-11T16:38:31.704+0000] {taskinstance.py:3498} INFO - 0 downstream tasks scheduled from follow-on schedule check
[2024-07-11T16:38:31.707+0000] {local_task_job_runner.py:222} INFO - ::endgroup::
