[2024-05-24T12:36:40.056+0000] {local_task_job_runner.py:120} INFO - ::group::Pre task execution logs
[2024-05-24T12:36:40.187+0000] {taskinstance.py:2076} INFO - Dependencies all met for dep_context=non-requeueable deps ti=<TaskInstance: hello_world_dag.hello_world_task1 scheduled__2023-11-02T00:00:00+00:00 [queued]>
[2024-05-24T12:36:40.244+0000] {taskinstance.py:2076} INFO - Dependencies all met for dep_context=requeueable deps ti=<TaskInstance: hello_world_dag.hello_world_task1 scheduled__2023-11-02T00:00:00+00:00 [queued]>
[2024-05-24T12:36:40.252+0000] {taskinstance.py:2306} INFO - Starting attempt 1 of 1
[2024-05-24T12:36:40.377+0000] {taskinstance.py:2330} INFO - Executing <Task(BashOperator): hello_world_task1> on 2023-11-02 00:00:00+00:00
[2024-05-24T12:36:40.396+0000] {warnings.py:110} WARNING - /home/***/.local/lib/python3.12/site-packages/***/task/task_runner/standard_task_runner.py:61: DeprecationWarning: This process (pid=204) is multi-threaded, use of fork() may lead to deadlocks in the child.
  pid = os.fork()

[2024-05-24T12:36:40.401+0000] {standard_task_runner.py:63} INFO - Started process 222 to run task
[2024-05-24T12:36:40.421+0000] {standard_task_runner.py:90} INFO - Running: ['***', 'tasks', 'run', 'hello_world_dag', 'hello_world_task1', 'scheduled__2023-11-02T00:00:00+00:00', '--job-id', '43', '--raw', '--subdir', 'DAGS_FOLDER/process_csv_dag.py', '--cfg-path', '/tmp/tmpoytmky1a']
[2024-05-24T12:36:40.446+0000] {standard_task_runner.py:91} INFO - Job 43: Subtask hello_world_task1
[2024-05-24T12:36:40.779+0000] {task_command.py:426} INFO - Running <TaskInstance: hello_world_dag.hello_world_task1 scheduled__2023-11-02T00:00:00+00:00 [running]> on host 4826d776a63f
[2024-05-24T12:36:41.497+0000] {taskinstance.py:2648} INFO - Exporting env vars: AIRFLOW_CTX_DAG_OWNER='***' AIRFLOW_CTX_DAG_ID='hello_world_dag' AIRFLOW_CTX_TASK_ID='hello_world_task1' AIRFLOW_CTX_EXECUTION_DATE='2023-11-02T00:00:00+00:00' AIRFLOW_CTX_TRY_NUMBER='1' AIRFLOW_CTX_DAG_RUN_ID='scheduled__2023-11-02T00:00:00+00:00'
[2024-05-24T12:36:41.504+0000] {taskinstance.py:430} INFO - ::endgroup::
[2024-05-24T12:36:41.688+0000] {subprocess.py:63} INFO - Tmp dir root location: /tmp
[2024-05-24T12:36:41.693+0000] {subprocess.py:75} INFO - Running command: ['/usr/bin/bash', '-c', "echo 'Hello World!'"]
[2024-05-24T12:36:41.762+0000] {subprocess.py:86} INFO - Output:
[2024-05-24T12:36:41.933+0000] {subprocess.py:93} INFO - Hello World!
[2024-05-24T12:36:41.940+0000] {subprocess.py:97} INFO - Command exited with return code 0
[2024-05-24T12:36:41.943+0000] {taskinstance.py:441} INFO - ::group::Post task execution logs
[2024-05-24T12:36:42.281+0000] {taskinstance.py:1206} INFO - Marking task as SUCCESS. dag_id=hello_world_dag, task_id=hello_world_task1, run_id=scheduled__2023-11-02T00:00:00+00:00, execution_date=20231102T000000, start_date=20240524T123640, end_date=20240524T123642
[2024-05-24T12:36:42.489+0000] {local_task_job_runner.py:240} INFO - Task exited with return code 0
[2024-05-24T12:36:42.603+0000] {local_task_job_runner.py:222} INFO - ::endgroup::
