[2024-06-17T16:47:33.751+0000] {local_task_job_runner.py:120} INFO - ::group::Pre task execution logs
[2024-06-17T16:47:33.960+0000] {taskinstance.py:2076} INFO - Dependencies all met for dep_context=non-requeueable deps ti=<TaskInstance: my_second_dag.task_1 manual_run_20240617_221727 [queued]>
[2024-06-17T16:47:33.999+0000] {taskinstance.py:2076} INFO - Dependencies all met for dep_context=requeueable deps ti=<TaskInstance: my_second_dag.task_1 manual_run_20240617_221727 [queued]>
[2024-06-17T16:47:34.000+0000] {taskinstance.py:2306} INFO - Starting attempt 1 of 1
[2024-06-17T16:47:34.098+0000] {taskinstance.py:2330} INFO - Executing <Task(PythonOperator): task_1> on 2024-06-17 16:47:27.435845+00:00
[2024-06-17T16:47:34.131+0000] {standard_task_runner.py:90} INFO - Running: ['***', 'tasks', 'run', 'my_second_dag', 'task_1', 'manual_run_20240617_221727', '--job-id', '210', '--raw', '--subdir', 'DAGS_FOLDER/process_csv_dag.py', '--cfg-path', '/tmp/tmp7ff8slt6']
[2024-06-17T16:47:34.164+0000] {warnings.py:110} WARNING - /home/***/.local/lib/python3.12/site-packages/***/task/task_runner/standard_task_runner.py:61: DeprecationWarning: This process (pid=693) is multi-threaded, use of fork() may lead to deadlocks in the child.
  pid = os.fork()

[2024-06-17T16:47:34.168+0000] {standard_task_runner.py:91} INFO - Job 210: Subtask task_1
[2024-06-17T16:47:34.184+0000] {standard_task_runner.py:63} INFO - Started process 696 to run task
[2024-06-17T16:47:34.350+0000] {task_command.py:426} INFO - Running <TaskInstance: my_second_dag.task_1 manual_run_20240617_221727 [running]> on host d6628e1eb10b
[2024-06-17T16:47:34.635+0000] {taskinstance.py:2648} INFO - Exporting env vars: AIRFLOW_CTX_DAG_OWNER='Yukesh' AIRFLOW_CTX_DAG_ID='my_second_dag' AIRFLOW_CTX_TASK_ID='task_1' AIRFLOW_CTX_EXECUTION_DATE='2024-06-17T16:47:27.435845+00:00' AIRFLOW_CTX_TRY_NUMBER='1' AIRFLOW_CTX_DAG_RUN_ID='manual_run_20240617_221727'
[2024-06-17T16:47:34.638+0000] {taskinstance.py:430} INFO - ::endgroup::
[2024-06-17T16:47:37.666+0000] {logging_mixin.py:188} INFO -      Unnamed: 0  VendorID  ... total_amount congestion_surcharge
0             0         1  ...         8.80                  2.5
1             1         1  ...         8.30                  2.5
2             2         1  ...        47.75                  2.5
3             3         1  ...         7.30                  2.5
4             4         1  ...        23.15                  2.5
..          ...       ...  ...          ...                  ...
495         495         2  ...        10.30                  2.5
496         496         2  ...        17.80                  2.5
497         497         2  ...         8.30                  2.5
498         498         2  ...        12.30                  2.5
499         499         2  ...        28.80                  2.5

[500 rows x 19 columns]
[2024-06-17T16:47:37.667+0000] {logging_mixin.py:188} INFO - Reading CSV
[2024-06-17T16:47:37.667+0000] {python.py:237} INFO - Done. Returned value was: None
[2024-06-17T16:47:37.669+0000] {taskinstance.py:441} INFO - ::group::Post task execution logs
[2024-06-17T16:47:37.686+0000] {taskinstance.py:1206} INFO - Marking task as SUCCESS. dag_id=my_second_dag, task_id=task_1, run_id=manual_run_20240617_221727, execution_date=20240617T164727, start_date=20240617T164733, end_date=20240617T164737
[2024-06-17T16:47:37.762+0000] {local_task_job_runner.py:240} INFO - Task exited with return code 0
[2024-06-17T16:47:37.789+0000] {taskinstance.py:3498} INFO - 1 downstream tasks scheduled from follow-on schedule check
[2024-06-17T16:47:37.791+0000] {local_task_job_runner.py:222} INFO - ::endgroup::
