[2024-05-24T12:36:19.988+0000] {local_task_job_runner.py:120} INFO - ::group::Pre task execution logs
[2024-05-24T12:36:20.033+0000] {taskinstance.py:2076} INFO - Dependencies all met for dep_context=non-requeueable deps ti=<TaskInstance: hello_world_dag.hello_world_task1 scheduled__2023-10-16T00:00:00+00:00 [queued]>
[2024-05-24T12:36:20.050+0000] {taskinstance.py:2076} INFO - Dependencies all met for dep_context=requeueable deps ti=<TaskInstance: hello_world_dag.hello_world_task1 scheduled__2023-10-16T00:00:00+00:00 [queued]>
[2024-05-24T12:36:20.051+0000] {taskinstance.py:2306} INFO - Starting attempt 1 of 1
[2024-05-24T12:36:20.087+0000] {taskinstance.py:2330} INFO - Executing <Task(BashOperator): hello_world_task1> on 2023-10-16 00:00:00+00:00
[2024-05-24T12:36:20.100+0000] {warnings.py:110} WARNING - /home/***/.local/lib/python3.12/site-packages/***/task/task_runner/standard_task_runner.py:61: DeprecationWarning: This process (pid=130) is multi-threaded, use of fork() may lead to deadlocks in the child.
  pid = os.fork()

[2024-05-24T12:36:20.104+0000] {standard_task_runner.py:63} INFO - Started process 134 to run task
[2024-05-24T12:36:20.104+0000] {standard_task_runner.py:90} INFO - Running: ['***', 'tasks', 'run', 'hello_world_dag', 'hello_world_task1', 'scheduled__2023-10-16T00:00:00+00:00', '--job-id', '16', '--raw', '--subdir', 'DAGS_FOLDER/process_csv_dag.py', '--cfg-path', '/tmp/tmp8tq2cwx8']
[2024-05-24T12:36:20.107+0000] {standard_task_runner.py:91} INFO - Job 16: Subtask hello_world_task1
[2024-05-24T12:36:20.208+0000] {task_command.py:426} INFO - Running <TaskInstance: hello_world_dag.hello_world_task1 scheduled__2023-10-16T00:00:00+00:00 [running]> on host 4826d776a63f
[2024-05-24T12:36:20.434+0000] {taskinstance.py:2648} INFO - Exporting env vars: AIRFLOW_CTX_DAG_OWNER='***' AIRFLOW_CTX_DAG_ID='hello_world_dag' AIRFLOW_CTX_TASK_ID='hello_world_task1' AIRFLOW_CTX_EXECUTION_DATE='2023-10-16T00:00:00+00:00' AIRFLOW_CTX_TRY_NUMBER='1' AIRFLOW_CTX_DAG_RUN_ID='scheduled__2023-10-16T00:00:00+00:00'
[2024-05-24T12:36:20.437+0000] {taskinstance.py:430} INFO - ::endgroup::
[2024-05-24T12:36:20.484+0000] {subprocess.py:63} INFO - Tmp dir root location: /tmp
[2024-05-24T12:36:20.486+0000] {subprocess.py:75} INFO - Running command: ['/usr/bin/bash', '-c', "echo 'Hello World!'"]
[2024-05-24T12:36:20.520+0000] {subprocess.py:86} INFO - Output:
[2024-05-24T12:36:20.522+0000] {subprocess.py:93} INFO - Hello World!
[2024-05-24T12:36:20.523+0000] {subprocess.py:97} INFO - Command exited with return code 0
[2024-05-24T12:36:20.527+0000] {taskinstance.py:441} INFO - ::group::Post task execution logs
[2024-05-24T12:36:20.608+0000] {taskinstance.py:1206} INFO - Marking task as SUCCESS. dag_id=hello_world_dag, task_id=hello_world_task1, run_id=scheduled__2023-10-16T00:00:00+00:00, execution_date=20231016T000000, start_date=20240524T123620, end_date=20240524T123620
[2024-05-24T12:36:20.847+0000] {local_task_job_runner.py:240} INFO - Task exited with return code 0
[2024-05-24T12:36:20.912+0000] {taskinstance.py:3498} INFO - 1 downstream tasks scheduled from follow-on schedule check
[2024-05-24T12:36:20.915+0000] {local_task_job_runner.py:222} INFO - ::endgroup::
