[2024-05-24T12:37:06.316+0000] {local_task_job_runner.py:120} INFO - ::group::Pre task execution logs
[2024-05-24T12:37:06.377+0000] {taskinstance.py:2076} INFO - Dependencies all met for dep_context=non-requeueable deps ti=<TaskInstance: hello_world_dag.hello_world_task2 scheduled__2023-11-10T00:00:00+00:00 [queued]>
[2024-05-24T12:37:06.403+0000] {taskinstance.py:2076} INFO - Dependencies all met for dep_context=requeueable deps ti=<TaskInstance: hello_world_dag.hello_world_task2 scheduled__2023-11-10T00:00:00+00:00 [queued]>
[2024-05-24T12:37:06.406+0000] {taskinstance.py:2306} INFO - Starting attempt 1 of 1
[2024-05-24T12:37:06.445+0000] {taskinstance.py:2330} INFO - Executing <Task(BashOperator): hello_world_task2> on 2023-11-10 00:00:00+00:00
[2024-05-24T12:37:06.463+0000] {warnings.py:110} WARNING - /home/***/.local/lib/python3.12/site-packages/***/task/task_runner/standard_task_runner.py:61: DeprecationWarning: This process (pid=301) is multi-threaded, use of fork() may lead to deadlocks in the child.
  pid = os.fork()

[2024-05-24T12:37:06.467+0000] {standard_task_runner.py:63} INFO - Started process 303 to run task
[2024-05-24T12:37:06.470+0000] {standard_task_runner.py:90} INFO - Running: ['***', 'tasks', 'run', 'hello_world_dag', 'hello_world_task2', 'scheduled__2023-11-10T00:00:00+00:00', '--job-id', '69', '--raw', '--subdir', 'DAGS_FOLDER/process_csv_dag.py', '--cfg-path', '/tmp/tmpbi9ucy7u']
[2024-05-24T12:37:06.473+0000] {standard_task_runner.py:91} INFO - Job 69: Subtask hello_world_task2
[2024-05-24T12:37:06.630+0000] {task_command.py:426} INFO - Running <TaskInstance: hello_world_dag.hello_world_task2 scheduled__2023-11-10T00:00:00+00:00 [running]> on host 4826d776a63f
[2024-05-24T12:37:06.989+0000] {taskinstance.py:2648} INFO - Exporting env vars: AIRFLOW_CTX_DAG_OWNER='***' AIRFLOW_CTX_DAG_ID='hello_world_dag' AIRFLOW_CTX_TASK_ID='hello_world_task2' AIRFLOW_CTX_EXECUTION_DATE='2023-11-10T00:00:00+00:00' AIRFLOW_CTX_TRY_NUMBER='1' AIRFLOW_CTX_DAG_RUN_ID='scheduled__2023-11-10T00:00:00+00:00'
[2024-05-24T12:37:06.991+0000] {taskinstance.py:430} INFO - ::endgroup::
[2024-05-24T12:37:07.115+0000] {subprocess.py:63} INFO - Tmp dir root location: /tmp
[2024-05-24T12:37:07.117+0000] {subprocess.py:75} INFO - Running command: ['/usr/bin/bash', '-c', "echo 'Hello World! Now I am triggered after the first task!'"]
[2024-05-24T12:37:07.151+0000] {subprocess.py:86} INFO - Output:
[2024-05-24T12:37:07.200+0000] {subprocess.py:93} INFO - Hello World! Now I am triggered after the first task!
[2024-05-24T12:37:07.217+0000] {subprocess.py:97} INFO - Command exited with return code 0
[2024-05-24T12:37:07.220+0000] {taskinstance.py:441} INFO - ::group::Post task execution logs
[2024-05-24T12:37:07.303+0000] {taskinstance.py:1206} INFO - Marking task as SUCCESS. dag_id=hello_world_dag, task_id=hello_world_task2, run_id=scheduled__2023-11-10T00:00:00+00:00, execution_date=20231110T000000, start_date=20240524T123706, end_date=20240524T123707
[2024-05-24T12:37:07.377+0000] {local_task_job_runner.py:240} INFO - Task exited with return code 0
[2024-05-24T12:37:07.435+0000] {taskinstance.py:3498} INFO - 0 downstream tasks scheduled from follow-on schedule check
[2024-05-24T12:37:07.446+0000] {local_task_job_runner.py:222} INFO - ::endgroup::
