[2024-05-24T12:36:45.926+0000] {local_task_job_runner.py:120} INFO - ::group::Pre task execution logs
[2024-05-24T12:36:46.823+0000] {taskinstance.py:2076} INFO - Dependencies all met for dep_context=non-requeueable deps ti=<TaskInstance: hello_world_dag.hello_world_task1 scheduled__2023-11-04T00:00:00+00:00 [queued]>
[2024-05-24T12:36:47.044+0000] {taskinstance.py:2076} INFO - Dependencies all met for dep_context=requeueable deps ti=<TaskInstance: hello_world_dag.hello_world_task1 scheduled__2023-11-04T00:00:00+00:00 [queued]>
[2024-05-24T12:36:47.046+0000] {taskinstance.py:2306} INFO - Starting attempt 1 of 1
[2024-05-24T12:36:47.204+0000] {taskinstance.py:2330} INFO - Executing <Task(BashOperator): hello_world_task1> on 2023-11-04 00:00:00+00:00
[2024-05-24T12:36:47.276+0000] {warnings.py:110} WARNING - /home/***/.local/lib/python3.12/site-packages/***/task/task_runner/standard_task_runner.py:61: DeprecationWarning: This process (pid=223) is multi-threaded, use of fork() may lead to deadlocks in the child.
  pid = os.fork()

[2024-05-24T12:36:47.290+0000] {standard_task_runner.py:63} INFO - Started process 243 to run task
[2024-05-24T12:36:47.262+0000] {standard_task_runner.py:90} INFO - Running: ['***', 'tasks', 'run', 'hello_world_dag', 'hello_world_task1', 'scheduled__2023-11-04T00:00:00+00:00', '--job-id', '49', '--raw', '--subdir', 'DAGS_FOLDER/process_csv_dag.py', '--cfg-path', '/tmp/tmpswnr7w60']
[2024-05-24T12:36:47.316+0000] {standard_task_runner.py:91} INFO - Job 49: Subtask hello_world_task1
[2024-05-24T12:36:48.101+0000] {task_command.py:426} INFO - Running <TaskInstance: hello_world_dag.hello_world_task1 scheduled__2023-11-04T00:00:00+00:00 [running]> on host 4826d776a63f
[2024-05-24T12:36:48.850+0000] {taskinstance.py:2648} INFO - Exporting env vars: AIRFLOW_CTX_DAG_OWNER='***' AIRFLOW_CTX_DAG_ID='hello_world_dag' AIRFLOW_CTX_TASK_ID='hello_world_task1' AIRFLOW_CTX_EXECUTION_DATE='2023-11-04T00:00:00+00:00' AIRFLOW_CTX_TRY_NUMBER='1' AIRFLOW_CTX_DAG_RUN_ID='scheduled__2023-11-04T00:00:00+00:00'
[2024-05-24T12:36:48.908+0000] {taskinstance.py:430} INFO - ::endgroup::
[2024-05-24T12:36:49.345+0000] {subprocess.py:63} INFO - Tmp dir root location: /tmp
[2024-05-24T12:36:49.351+0000] {subprocess.py:75} INFO - Running command: ['/usr/bin/bash', '-c', "echo 'Hello World!'"]
[2024-05-24T12:36:49.413+0000] {subprocess.py:86} INFO - Output:
[2024-05-24T12:36:49.509+0000] {subprocess.py:93} INFO - Hello World!
[2024-05-24T12:36:49.513+0000] {subprocess.py:97} INFO - Command exited with return code 0
[2024-05-24T12:36:49.519+0000] {taskinstance.py:441} INFO - ::group::Post task execution logs
[2024-05-24T12:36:49.711+0000] {taskinstance.py:1206} INFO - Marking task as SUCCESS. dag_id=hello_world_dag, task_id=hello_world_task1, run_id=scheduled__2023-11-04T00:00:00+00:00, execution_date=20231104T000000, start_date=20240524T123646, end_date=20240524T123649
[2024-05-24T12:36:49.956+0000] {local_task_job_runner.py:240} INFO - Task exited with return code 0
[2024-05-24T12:36:50.132+0000] {taskinstance.py:3498} INFO - 1 downstream tasks scheduled from follow-on schedule check
[2024-05-24T12:36:50.140+0000] {local_task_job_runner.py:222} INFO - ::endgroup::
