[2024-06-17T16:47:35.041+0000] {local_task_job_runner.py:120} INFO - ::group::Pre task execution logs
[2024-06-17T16:47:35.088+0000] {taskinstance.py:2076} INFO - Dependencies all met for dep_context=non-requeueable deps ti=<TaskInstance: my_second_dag.task_2 manual_run_20240617_221720 [queued]>
[2024-06-17T16:47:35.106+0000] {taskinstance.py:2076} INFO - Dependencies all met for dep_context=requeueable deps ti=<TaskInstance: my_second_dag.task_2 manual_run_20240617_221720 [queued]>
[2024-06-17T16:47:35.107+0000] {taskinstance.py:2306} INFO - Starting attempt 1 of 1
[2024-06-17T16:47:35.137+0000] {taskinstance.py:2330} INFO - Executing <Task(PythonOperator): task_2> on 2024-06-17 16:47:20.668302+00:00
[2024-06-17T16:47:35.164+0000] {warnings.py:110} WARNING - /home/***/.local/lib/python3.12/site-packages/***/task/task_runner/standard_task_runner.py:61: DeprecationWarning: This process (pid=694) is multi-threaded, use of fork() may lead to deadlocks in the child.
  pid = os.fork()

[2024-06-17T16:47:35.170+0000] {standard_task_runner.py:63} INFO - Started process 699 to run task
[2024-06-17T16:47:35.168+0000] {standard_task_runner.py:90} INFO - Running: ['***', 'tasks', 'run', 'my_second_dag', 'task_2', 'manual_run_20240617_221720', '--job-id', '212', '--raw', '--subdir', 'DAGS_FOLDER/process_csv_dag.py', '--cfg-path', '/tmp/tmpf9w9rmh7']
[2024-06-17T16:47:35.172+0000] {standard_task_runner.py:91} INFO - Job 212: Subtask task_2
[2024-06-17T16:47:35.285+0000] {task_command.py:426} INFO - Running <TaskInstance: my_second_dag.task_2 manual_run_20240617_221720 [running]> on host d6628e1eb10b
[2024-06-17T16:47:35.510+0000] {taskinstance.py:2648} INFO - Exporting env vars: AIRFLOW_CTX_DAG_OWNER='Yukesh' AIRFLOW_CTX_DAG_ID='my_second_dag' AIRFLOW_CTX_TASK_ID='task_2' AIRFLOW_CTX_EXECUTION_DATE='2024-06-17T16:47:20.668302+00:00' AIRFLOW_CTX_TRY_NUMBER='1' AIRFLOW_CTX_DAG_RUN_ID='manual_run_20240617_221720'
[2024-06-17T16:47:35.512+0000] {taskinstance.py:430} INFO - ::endgroup::
[2024-06-17T16:47:35.541+0000] {logging_mixin.py:188} INFO - Executing Task 2
[2024-06-17T16:47:35.542+0000] {python.py:237} INFO - Done. Returned value was: None
[2024-06-17T16:47:35.544+0000] {taskinstance.py:441} INFO - ::group::Post task execution logs
[2024-06-17T16:47:35.561+0000] {taskinstance.py:1206} INFO - Marking task as SUCCESS. dag_id=my_second_dag, task_id=task_2, run_id=manual_run_20240617_221720, execution_date=20240617T164720, start_date=20240617T164735, end_date=20240617T164735
[2024-06-17T16:47:35.630+0000] {local_task_job_runner.py:240} INFO - Task exited with return code 0
[2024-06-17T16:47:35.666+0000] {taskinstance.py:3498} INFO - 0 downstream tasks scheduled from follow-on schedule check
[2024-06-17T16:47:35.669+0000] {local_task_job_runner.py:222} INFO - ::endgroup::
