[2024-05-24T12:37:16.456+0000] {local_task_job_runner.py:120} INFO - ::group::Pre task execution logs
[2024-05-24T12:37:16.517+0000] {taskinstance.py:2076} INFO - Dependencies all met for dep_context=non-requeueable deps ti=<TaskInstance: hello_world_dag.hello_world_task1 scheduled__2023-11-22T00:00:00+00:00 [queued]>
[2024-05-24T12:37:16.539+0000] {taskinstance.py:2076} INFO - Dependencies all met for dep_context=requeueable deps ti=<TaskInstance: hello_world_dag.hello_world_task1 scheduled__2023-11-22T00:00:00+00:00 [queued]>
[2024-05-24T12:37:16.540+0000] {taskinstance.py:2306} INFO - Starting attempt 1 of 1
[2024-05-24T12:37:16.580+0000] {taskinstance.py:2330} INFO - Executing <Task(BashOperator): hello_world_task1> on 2023-11-22 00:00:00+00:00
[2024-05-24T12:37:16.591+0000] {warnings.py:110} WARNING - /home/***/.local/lib/python3.12/site-packages/***/task/task_runner/standard_task_runner.py:61: DeprecationWarning: This process (pid=336) is multi-threaded, use of fork() may lead to deadlocks in the child.
  pid = os.fork()

[2024-05-24T12:37:16.595+0000] {standard_task_runner.py:63} INFO - Started process 347 to run task
[2024-05-24T12:37:16.607+0000] {standard_task_runner.py:90} INFO - Running: ['***', 'tasks', 'run', 'hello_world_dag', 'hello_world_task1', 'scheduled__2023-11-22T00:00:00+00:00', '--job-id', '85', '--raw', '--subdir', 'DAGS_FOLDER/process_csv_dag.py', '--cfg-path', '/tmp/tmpth8ij41t']
[2024-05-24T12:37:16.619+0000] {standard_task_runner.py:91} INFO - Job 85: Subtask hello_world_task1
[2024-05-24T12:37:16.844+0000] {task_command.py:426} INFO - Running <TaskInstance: hello_world_dag.hello_world_task1 scheduled__2023-11-22T00:00:00+00:00 [running]> on host 4826d776a63f
[2024-05-24T12:37:17.241+0000] {taskinstance.py:2648} INFO - Exporting env vars: AIRFLOW_CTX_DAG_OWNER='***' AIRFLOW_CTX_DAG_ID='hello_world_dag' AIRFLOW_CTX_TASK_ID='hello_world_task1' AIRFLOW_CTX_EXECUTION_DATE='2023-11-22T00:00:00+00:00' AIRFLOW_CTX_TRY_NUMBER='1' AIRFLOW_CTX_DAG_RUN_ID='scheduled__2023-11-22T00:00:00+00:00'
[2024-05-24T12:37:17.244+0000] {taskinstance.py:430} INFO - ::endgroup::
[2024-05-24T12:37:17.307+0000] {subprocess.py:63} INFO - Tmp dir root location: /tmp
[2024-05-24T12:37:17.310+0000] {subprocess.py:75} INFO - Running command: ['/usr/bin/bash', '-c', "echo 'Hello World!'"]
[2024-05-24T12:37:17.343+0000] {subprocess.py:86} INFO - Output:
[2024-05-24T12:37:17.350+0000] {subprocess.py:93} INFO - Hello World!
[2024-05-24T12:37:17.352+0000] {subprocess.py:97} INFO - Command exited with return code 0
[2024-05-24T12:37:17.354+0000] {taskinstance.py:441} INFO - ::group::Post task execution logs
[2024-05-24T12:37:17.454+0000] {taskinstance.py:1206} INFO - Marking task as SUCCESS. dag_id=hello_world_dag, task_id=hello_world_task1, run_id=scheduled__2023-11-22T00:00:00+00:00, execution_date=20231122T000000, start_date=20240524T123716, end_date=20240524T123717
[2024-05-24T12:37:17.540+0000] {local_task_job_runner.py:240} INFO - Task exited with return code 0
[2024-05-24T12:37:17.599+0000] {local_task_job_runner.py:222} INFO - ::endgroup::
