[2024-05-25T14:54:44.876+0000] {local_task_job_runner.py:120} INFO - ::group::Pre task execution logs
[2024-05-25T14:54:44.991+0000] {taskinstance.py:2076} INFO - Dependencies all met for dep_context=non-requeueable deps ti=<TaskInstance: my_second_dag.task_2 manual_run_9 [queued]>
[2024-05-25T14:54:45.039+0000] {taskinstance.py:2076} INFO - Dependencies all met for dep_context=requeueable deps ti=<TaskInstance: my_second_dag.task_2 manual_run_9 [queued]>
[2024-05-25T14:54:45.041+0000] {taskinstance.py:2306} INFO - Starting attempt 1 of 1
[2024-05-25T14:54:45.169+0000] {taskinstance.py:2330} INFO - Executing <Task(PythonOperator): task_2> on 2024-05-25 14:54:37.612728+00:00
[2024-05-25T14:54:45.233+0000] {warnings.py:110} WARNING - /home/***/.local/lib/python3.12/site-packages/***/task/task_runner/standard_task_runner.py:61: DeprecationWarning: This process (pid=158) is multi-threaded, use of fork() may lead to deadlocks in the child.
  pid = os.fork()

[2024-05-25T14:54:45.269+0000] {standard_task_runner.py:63} INFO - Started process 160 to run task
[2024-05-25T14:54:45.272+0000] {standard_task_runner.py:90} INFO - Running: ['***', 'tasks', 'run', 'my_second_dag', 'task_2', 'manual_run_9', '--job-id', '136', '--raw', '--subdir', 'DAGS_FOLDER/process_csv_dag.py', '--cfg-path', '/tmp/tmp7mr8rh3u']
[2024-05-25T14:54:45.278+0000] {standard_task_runner.py:91} INFO - Job 136: Subtask task_2
[2024-05-25T14:54:45.792+0000] {task_command.py:426} INFO - Running <TaskInstance: my_second_dag.task_2 manual_run_9 [running]> on host 4826d776a63f
[2024-05-25T14:54:46.101+0000] {taskinstance.py:2648} INFO - Exporting env vars: AIRFLOW_CTX_DAG_OWNER='Yukesh' AIRFLOW_CTX_DAG_ID='my_second_dag' AIRFLOW_CTX_TASK_ID='task_2' AIRFLOW_CTX_EXECUTION_DATE='2024-05-25T14:54:37.612728+00:00' AIRFLOW_CTX_TRY_NUMBER='1' AIRFLOW_CTX_DAG_RUN_ID='manual_run_9'
[2024-05-25T14:54:46.104+0000] {taskinstance.py:430} INFO - ::endgroup::
[2024-05-25T14:54:46.151+0000] {logging_mixin.py:188} INFO - Executing Task 2
[2024-05-25T14:54:46.153+0000] {python.py:237} INFO - Done. Returned value was: None
[2024-05-25T14:54:46.157+0000] {taskinstance.py:441} INFO - ::group::Post task execution logs
[2024-05-25T14:54:46.183+0000] {taskinstance.py:1206} INFO - Marking task as SUCCESS. dag_id=my_second_dag, task_id=task_2, run_id=manual_run_9, execution_date=20240525T145437, start_date=20240525T145444, end_date=20240525T145446
[2024-05-25T14:54:46.234+0000] {local_task_job_runner.py:240} INFO - Task exited with return code 0
[2024-05-25T14:54:46.279+0000] {taskinstance.py:3498} INFO - 0 downstream tasks scheduled from follow-on schedule check
[2024-05-25T14:54:46.284+0000] {local_task_job_runner.py:222} INFO - ::endgroup::
