[2024-05-24T12:45:48.338+0000] {local_task_job_runner.py:120} INFO - ::group::Pre task execution logs
[2024-05-24T12:45:48.378+0000] {taskinstance.py:2076} INFO - Dependencies all met for dep_context=non-requeueable deps ti=<TaskInstance: hello_world_dag.hello_world_task1 manual__2024-05-24T12:45:46.454048+00:00 [queued]>
[2024-05-24T12:45:48.389+0000] {taskinstance.py:2076} INFO - Dependencies all met for dep_context=requeueable deps ti=<TaskInstance: hello_world_dag.hello_world_task1 manual__2024-05-24T12:45:46.454048+00:00 [queued]>
[2024-05-24T12:45:48.389+0000] {taskinstance.py:2306} INFO - Starting attempt 1 of 1
[2024-05-24T12:45:48.408+0000] {taskinstance.py:2330} INFO - Executing <Task(BashOperator): hello_world_task1> on 2024-05-24 12:45:46.454048+00:00
[2024-05-24T12:45:48.417+0000] {warnings.py:110} WARNING - /home/***/.local/lib/python3.12/site-packages/***/task/task_runner/standard_task_runner.py:61: DeprecationWarning: This process (pid=106) is multi-threaded, use of fork() may lead to deadlocks in the child.
  pid = os.fork()

[2024-05-24T12:45:48.419+0000] {standard_task_runner.py:63} INFO - Started process 107 to run task
[2024-05-24T12:45:48.419+0000] {standard_task_runner.py:90} INFO - Running: ['***', 'tasks', 'run', 'hello_world_dag', 'hello_world_task1', 'manual__2024-05-24T12:45:46.454048+00:00', '--job-id', '107', '--raw', '--subdir', 'DAGS_FOLDER/process_csv_dag.py', '--cfg-path', '/tmp/tmpwxlozt35']
[2024-05-24T12:45:48.421+0000] {standard_task_runner.py:91} INFO - Job 107: Subtask hello_world_task1
[2024-05-24T12:45:48.494+0000] {task_command.py:426} INFO - Running <TaskInstance: hello_world_dag.hello_world_task1 manual__2024-05-24T12:45:46.454048+00:00 [running]> on host 4826d776a63f
[2024-05-24T12:45:48.611+0000] {taskinstance.py:2648} INFO - Exporting env vars: AIRFLOW_CTX_DAG_OWNER='***' AIRFLOW_CTX_DAG_ID='hello_world_dag' AIRFLOW_CTX_TASK_ID='hello_world_task1' AIRFLOW_CTX_EXECUTION_DATE='2024-05-24T12:45:46.454048+00:00' AIRFLOW_CTX_TRY_NUMBER='1' AIRFLOW_CTX_DAG_RUN_ID='manual__2024-05-24T12:45:46.454048+00:00'
[2024-05-24T12:45:48.613+0000] {taskinstance.py:430} INFO - ::endgroup::
[2024-05-24T12:45:48.643+0000] {subprocess.py:63} INFO - Tmp dir root location: /tmp
[2024-05-24T12:45:48.646+0000] {subprocess.py:75} INFO - Running command: ['/usr/bin/bash', '-c', "echo 'Hello World!'"]
[2024-05-24T12:45:48.659+0000] {subprocess.py:86} INFO - Output:
[2024-05-24T12:45:48.664+0000] {subprocess.py:93} INFO - Hello World!
[2024-05-24T12:45:48.665+0000] {subprocess.py:97} INFO - Command exited with return code 0
[2024-05-24T12:45:48.667+0000] {taskinstance.py:441} INFO - ::group::Post task execution logs
[2024-05-24T12:45:48.698+0000] {taskinstance.py:1206} INFO - Marking task as SUCCESS. dag_id=hello_world_dag, task_id=hello_world_task1, run_id=manual__2024-05-24T12:45:46.454048+00:00, execution_date=20240524T124546, start_date=20240524T124548, end_date=20240524T124548
[2024-05-24T12:45:48.755+0000] {local_task_job_runner.py:240} INFO - Task exited with return code 0
[2024-05-24T12:45:48.783+0000] {taskinstance.py:3498} INFO - 1 downstream tasks scheduled from follow-on schedule check
[2024-05-24T12:45:48.785+0000] {local_task_job_runner.py:222} INFO - ::endgroup::
