[2024-06-01T11:53:02.481+0000] {local_task_job_runner.py:120} INFO - ::group::Pre task execution logs
[2024-06-01T11:53:02.505+0000] {taskinstance.py:2076} INFO - Dependencies all met for dep_context=non-requeueable deps ti=<TaskInstance: my_second_dag.task_2 manual_run_20240601_172300 [queued]>
[2024-06-01T11:53:02.515+0000] {taskinstance.py:2076} INFO - Dependencies all met for dep_context=requeueable deps ti=<TaskInstance: my_second_dag.task_2 manual_run_20240601_172300 [queued]>
[2024-06-01T11:53:02.516+0000] {taskinstance.py:2306} INFO - Starting attempt 1 of 1
[2024-06-01T11:53:02.537+0000] {taskinstance.py:2330} INFO - Executing <Task(PythonOperator): task_2> on 2024-06-01 11:53:00.713612+00:00
[2024-06-01T11:53:02.543+0000] {warnings.py:110} WARNING - /home/***/.local/lib/python3.12/site-packages/***/task/task_runner/standard_task_runner.py:61: DeprecationWarning: This process (pid=95) is multi-threaded, use of fork() may lead to deadlocks in the child.
  pid = os.fork()

[2024-06-01T11:53:02.545+0000] {standard_task_runner.py:63} INFO - Started process 96 to run task
[2024-06-01T11:53:02.545+0000] {standard_task_runner.py:90} INFO - Running: ['***', 'tasks', 'run', 'my_second_dag', 'task_2', 'manual_run_20240601_172300', '--job-id', '188', '--raw', '--subdir', 'DAGS_FOLDER/process_csv_dag.py', '--cfg-path', '/tmp/tmp2tf37fy6']
[2024-06-01T11:53:02.547+0000] {standard_task_runner.py:91} INFO - Job 188: Subtask task_2
[2024-06-01T11:53:02.601+0000] {task_command.py:426} INFO - Running <TaskInstance: my_second_dag.task_2 manual_run_20240601_172300 [running]> on host 4826d776a63f
[2024-06-01T11:53:02.700+0000] {taskinstance.py:2648} INFO - Exporting env vars: AIRFLOW_CTX_DAG_OWNER='Yukesh' AIRFLOW_CTX_DAG_ID='my_second_dag' AIRFLOW_CTX_TASK_ID='task_2' AIRFLOW_CTX_EXECUTION_DATE='2024-06-01T11:53:00.713612+00:00' AIRFLOW_CTX_TRY_NUMBER='1' AIRFLOW_CTX_DAG_RUN_ID='manual_run_20240601_172300'
[2024-06-01T11:53:02.701+0000] {taskinstance.py:430} INFO - ::endgroup::
[2024-06-01T11:53:02.716+0000] {logging_mixin.py:188} INFO - Executing Task 2
[2024-06-01T11:53:02.717+0000] {python.py:237} INFO - Done. Returned value was: None
[2024-06-01T11:53:02.718+0000] {taskinstance.py:441} INFO - ::group::Post task execution logs
[2024-06-01T11:53:02.726+0000] {taskinstance.py:1206} INFO - Marking task as SUCCESS. dag_id=my_second_dag, task_id=task_2, run_id=manual_run_20240601_172300, execution_date=20240601T115300, start_date=20240601T115302, end_date=20240601T115302
[2024-06-01T11:53:02.760+0000] {local_task_job_runner.py:240} INFO - Task exited with return code 0
[2024-06-01T11:53:02.777+0000] {taskinstance.py:3498} INFO - 0 downstream tasks scheduled from follow-on schedule check
[2024-06-01T11:53:02.780+0000] {local_task_job_runner.py:222} INFO - ::endgroup::
