[2024-07-11T16:27:47.422+0000] {local_task_job_runner.py:120} INFO - ::group::Pre task execution logs
[2024-07-11T16:27:47.457+0000] {taskinstance.py:2076} INFO - Dependencies all met for dep_context=non-requeueable deps ti=<TaskInstance: taxi_trip_processing.generate_new_columns manual_run_20240711_215733 [queued]>
[2024-07-11T16:27:47.471+0000] {taskinstance.py:2076} INFO - Dependencies all met for dep_context=requeueable deps ti=<TaskInstance: taxi_trip_processing.generate_new_columns manual_run_20240711_215733 [queued]>
[2024-07-11T16:27:47.472+0000] {taskinstance.py:2306} INFO - Starting attempt 1 of 2
[2024-07-11T16:27:47.494+0000] {taskinstance.py:2330} INFO - Executing <Task(PythonOperator): generate_new_columns> on 2024-07-11 16:27:34.115867+00:00
[2024-07-11T16:27:47.504+0000] {warnings.py:110} WARNING - /home/***/.local/lib/python3.12/site-packages/***/task/task_runner/standard_task_runner.py:61: DeprecationWarning: This process (pid=488) is multi-threaded, use of fork() may lead to deadlocks in the child.
  pid = os.fork()

[2024-07-11T16:27:47.507+0000] {standard_task_runner.py:63} INFO - Started process 490 to run task
[2024-07-11T16:27:47.531+0000] {standard_task_runner.py:90} INFO - Running: ['***', 'tasks', 'run', 'taxi_trip_processing', 'generate_new_columns', 'manual_run_20240711_215733', '--job-id', '558', '--raw', '--subdir', 'DAGS_FOLDER/process_csv_dag.py', '--cfg-path', '/tmp/tmp8qdkptvw']
[2024-07-11T16:27:47.536+0000] {standard_task_runner.py:91} INFO - Job 558: Subtask generate_new_columns
[2024-07-11T16:27:47.951+0000] {task_command.py:426} INFO - Running <TaskInstance: taxi_trip_processing.generate_new_columns manual_run_20240711_215733 [running]> on host 7fbd25afd4e9
[2024-07-11T16:27:48.432+0000] {taskinstance.py:2648} INFO - Exporting env vars: AIRFLOW_CTX_DAG_EMAIL='your_email@gmail.com' AIRFLOW_CTX_DAG_OWNER='Yukesh' AIRFLOW_CTX_DAG_ID='taxi_trip_processing' AIRFLOW_CTX_TASK_ID='generate_new_columns' AIRFLOW_CTX_EXECUTION_DATE='2024-07-11T16:27:34.115867+00:00' AIRFLOW_CTX_TRY_NUMBER='1' AIRFLOW_CTX_DAG_RUN_ID='manual_run_20240711_215733'
[2024-07-11T16:27:48.438+0000] {taskinstance.py:430} INFO - ::endgroup::
[2024-07-11T16:27:48.525+0000] {warnings.py:110} WARNING - /opt/***/dags/process_csv_dag.py:65: FutureWarning: Passing literal json to 'read_json' is deprecated and will be removed in a future version. To read from a literal string, wrap it in a 'StringIO' object.
  df = pd.read_json(ti.xcom_pull(task_ids='validate_data', key='validated_df'))

[2024-07-11T16:27:48.734+0000] {python.py:237} INFO - Done. Returned value was: None
[2024-07-11T16:27:48.735+0000] {taskinstance.py:441} INFO - ::group::Post task execution logs
[2024-07-11T16:27:48.773+0000] {taskinstance.py:1206} INFO - Marking task as SUCCESS. dag_id=taxi_trip_processing, task_id=generate_new_columns, run_id=manual_run_20240711_215733, execution_date=20240711T162734, start_date=20240711T162747, end_date=20240711T162748
[2024-07-11T16:27:48.850+0000] {local_task_job_runner.py:240} INFO - Task exited with return code 0
[2024-07-11T16:27:48.925+0000] {taskinstance.py:3498} INFO - 1 downstream tasks scheduled from follow-on schedule check
[2024-07-11T16:27:48.929+0000] {local_task_job_runner.py:222} INFO - ::endgroup::
