[2024-05-25T14:57:19.596+0000] {local_task_job_runner.py:120} INFO - ::group::Pre task execution logs
[2024-05-25T14:57:19.677+0000] {taskinstance.py:2076} INFO - Dependencies all met for dep_context=non-requeueable deps ti=<TaskInstance: my_second_dag.task_1 manual_run_20240525_202716_1 [queued]>
[2024-05-25T14:57:19.698+0000] {taskinstance.py:2076} INFO - Dependencies all met for dep_context=requeueable deps ti=<TaskInstance: my_second_dag.task_1 manual_run_20240525_202716_1 [queued]>
[2024-05-25T14:57:19.700+0000] {taskinstance.py:2306} INFO - Starting attempt 1 of 1
[2024-05-25T14:57:19.739+0000] {taskinstance.py:2330} INFO - Executing <Task(PythonOperator): task_1> on 2024-05-25 14:57:17.130460+00:00
[2024-05-25T14:57:19.754+0000] {warnings.py:110} WARNING - /home/***/.local/lib/python3.12/site-packages/***/task/task_runner/standard_task_runner.py:61: DeprecationWarning: This process (pid=193) is multi-threaded, use of fork() may lead to deadlocks in the child.
  pid = os.fork()

[2024-05-25T14:57:19.758+0000] {standard_task_runner.py:63} INFO - Started process 194 to run task
[2024-05-25T14:57:19.759+0000] {standard_task_runner.py:90} INFO - Running: ['***', 'tasks', 'run', 'my_second_dag', 'task_1', 'manual_run_20240525_202716_1', '--job-id', '139', '--raw', '--subdir', 'DAGS_FOLDER/process_csv_dag.py', '--cfg-path', '/tmp/tmp4km9pcdh']
[2024-05-25T14:57:19.761+0000] {standard_task_runner.py:91} INFO - Job 139: Subtask task_1
[2024-05-25T14:57:19.887+0000] {task_command.py:426} INFO - Running <TaskInstance: my_second_dag.task_1 manual_run_20240525_202716_1 [running]> on host 4826d776a63f
[2024-05-25T14:57:20.106+0000] {taskinstance.py:2648} INFO - Exporting env vars: AIRFLOW_CTX_DAG_OWNER='Yukesh' AIRFLOW_CTX_DAG_ID='my_second_dag' AIRFLOW_CTX_TASK_ID='task_1' AIRFLOW_CTX_EXECUTION_DATE='2024-05-25T14:57:17.130460+00:00' AIRFLOW_CTX_TRY_NUMBER='1' AIRFLOW_CTX_DAG_RUN_ID='manual_run_20240525_202716_1'
[2024-05-25T14:57:20.108+0000] {taskinstance.py:430} INFO - ::endgroup::
[2024-05-25T14:57:20.160+0000] {logging_mixin.py:188} INFO - Executing Task 1
[2024-05-25T14:57:20.161+0000] {python.py:237} INFO - Done. Returned value was: None
[2024-05-25T14:57:20.165+0000] {taskinstance.py:441} INFO - ::group::Post task execution logs
[2024-05-25T14:57:20.180+0000] {taskinstance.py:1206} INFO - Marking task as SUCCESS. dag_id=my_second_dag, task_id=task_1, run_id=manual_run_20240525_202716_1, execution_date=20240525T145717, start_date=20240525T145719, end_date=20240525T145720
[2024-05-25T14:57:20.218+0000] {local_task_job_runner.py:240} INFO - Task exited with return code 0
[2024-05-25T14:57:20.256+0000] {taskinstance.py:3498} INFO - 1 downstream tasks scheduled from follow-on schedule check
[2024-05-25T14:57:20.259+0000] {local_task_job_runner.py:222} INFO - ::endgroup::
