[2024-05-24T12:37:03.941+0000] {local_task_job_runner.py:120} INFO - ::group::Pre task execution logs
[2024-05-24T12:37:04.012+0000] {taskinstance.py:2076} INFO - Dependencies all met for dep_context=non-requeueable deps ti=<TaskInstance: hello_world_dag.hello_world_task1 scheduled__2023-11-12T00:00:00+00:00 [queued]>
[2024-05-24T12:37:04.041+0000] {taskinstance.py:2076} INFO - Dependencies all met for dep_context=requeueable deps ti=<TaskInstance: hello_world_dag.hello_world_task1 scheduled__2023-11-12T00:00:00+00:00 [queued]>
[2024-05-24T12:37:04.042+0000] {taskinstance.py:2306} INFO - Starting attempt 1 of 1
[2024-05-24T12:37:04.095+0000] {taskinstance.py:2330} INFO - Executing <Task(BashOperator): hello_world_task1> on 2023-11-12 00:00:00+00:00
[2024-05-24T12:37:04.112+0000] {warnings.py:110} WARNING - /home/***/.local/lib/python3.12/site-packages/***/task/task_runner/standard_task_runner.py:61: DeprecationWarning: This process (pid=287) is multi-threaded, use of fork() may lead to deadlocks in the child.
  pid = os.fork()

[2024-05-24T12:37:04.116+0000] {standard_task_runner.py:63} INFO - Started process 293 to run task
[2024-05-24T12:37:04.124+0000] {standard_task_runner.py:90} INFO - Running: ['***', 'tasks', 'run', 'hello_world_dag', 'hello_world_task1', 'scheduled__2023-11-12T00:00:00+00:00', '--job-id', '68', '--raw', '--subdir', 'DAGS_FOLDER/process_csv_dag.py', '--cfg-path', '/tmp/tmpjwj2vyz0']
[2024-05-24T12:37:04.128+0000] {standard_task_runner.py:91} INFO - Job 68: Subtask hello_world_task1
[2024-05-24T12:37:04.263+0000] {task_command.py:426} INFO - Running <TaskInstance: hello_world_dag.hello_world_task1 scheduled__2023-11-12T00:00:00+00:00 [running]> on host 4826d776a63f
[2024-05-24T12:37:04.601+0000] {taskinstance.py:2648} INFO - Exporting env vars: AIRFLOW_CTX_DAG_OWNER='***' AIRFLOW_CTX_DAG_ID='hello_world_dag' AIRFLOW_CTX_TASK_ID='hello_world_task1' AIRFLOW_CTX_EXECUTION_DATE='2023-11-12T00:00:00+00:00' AIRFLOW_CTX_TRY_NUMBER='1' AIRFLOW_CTX_DAG_RUN_ID='scheduled__2023-11-12T00:00:00+00:00'
[2024-05-24T12:37:04.608+0000] {taskinstance.py:430} INFO - ::endgroup::
[2024-05-24T12:37:04.682+0000] {subprocess.py:63} INFO - Tmp dir root location: /tmp
[2024-05-24T12:37:04.686+0000] {subprocess.py:75} INFO - Running command: ['/usr/bin/bash', '-c', "echo 'Hello World!'"]
[2024-05-24T12:37:04.726+0000] {subprocess.py:86} INFO - Output:
[2024-05-24T12:37:04.741+0000] {subprocess.py:93} INFO - Hello World!
[2024-05-24T12:37:04.742+0000] {subprocess.py:97} INFO - Command exited with return code 0
[2024-05-24T12:37:04.744+0000] {taskinstance.py:441} INFO - ::group::Post task execution logs
[2024-05-24T12:37:04.848+0000] {taskinstance.py:1206} INFO - Marking task as SUCCESS. dag_id=hello_world_dag, task_id=hello_world_task1, run_id=scheduled__2023-11-12T00:00:00+00:00, execution_date=20231112T000000, start_date=20240524T123704, end_date=20240524T123704
[2024-05-24T12:37:04.948+0000] {local_task_job_runner.py:240} INFO - Task exited with return code 0
[2024-05-24T12:37:05.027+0000] {taskinstance.py:3498} INFO - 1 downstream tasks scheduled from follow-on schedule check
[2024-05-24T12:37:05.041+0000] {local_task_job_runner.py:222} INFO - ::endgroup::
