[2024-06-01T12:35:15.484+0000] {local_task_job_runner.py:120} INFO - ::group::Pre task execution logs
[2024-06-01T12:35:15.530+0000] {taskinstance.py:2076} INFO - Dependencies all met for dep_context=non-requeueable deps ti=<TaskInstance: my_second_dag.task_1 manual__2024-06-01T12:35:08.035234+00:00 [queued]>
[2024-06-01T12:35:15.546+0000] {taskinstance.py:2076} INFO - Dependencies all met for dep_context=requeueable deps ti=<TaskInstance: my_second_dag.task_1 manual__2024-06-01T12:35:08.035234+00:00 [queued]>
[2024-06-01T12:35:15.547+0000] {taskinstance.py:2306} INFO - Starting attempt 1 of 1
[2024-06-01T12:35:15.568+0000] {taskinstance.py:2330} INFO - Executing <Task(PythonOperator): task_1> on 2024-06-01 12:35:08.035234+00:00
[2024-06-01T12:35:15.591+0000] {warnings.py:110} WARNING - /home/***/.local/lib/python3.12/site-packages/***/task/task_runner/standard_task_runner.py:61: DeprecationWarning: This process (pid=70) is multi-threaded, use of fork() may lead to deadlocks in the child.
  pid = os.fork()

[2024-06-01T12:35:15.596+0000] {standard_task_runner.py:63} INFO - Started process 72 to run task
[2024-06-01T12:35:15.597+0000] {standard_task_runner.py:90} INFO - Running: ['***', 'tasks', 'run', 'my_second_dag', 'task_1', 'manual__2024-06-01T12:35:08.035234+00:00', '--job-id', '199', '--raw', '--subdir', 'DAGS_FOLDER/process_csv_dag.py', '--cfg-path', '/tmp/tmp0cb0sxrg']
[2024-06-01T12:35:15.604+0000] {standard_task_runner.py:91} INFO - Job 199: Subtask task_1
[2024-06-01T12:35:15.721+0000] {task_command.py:426} INFO - Running <TaskInstance: my_second_dag.task_1 manual__2024-06-01T12:35:08.035234+00:00 [running]> on host d6628e1eb10b
[2024-06-01T12:35:15.958+0000] {taskinstance.py:2648} INFO - Exporting env vars: AIRFLOW_CTX_DAG_OWNER='Yukesh' AIRFLOW_CTX_DAG_ID='my_second_dag' AIRFLOW_CTX_TASK_ID='task_1' AIRFLOW_CTX_EXECUTION_DATE='2024-06-01T12:35:08.035234+00:00' AIRFLOW_CTX_TRY_NUMBER='1' AIRFLOW_CTX_DAG_RUN_ID='manual__2024-06-01T12:35:08.035234+00:00'
[2024-06-01T12:35:15.960+0000] {taskinstance.py:430} INFO - ::endgroup::
[2024-06-01T12:35:16.033+0000] {taskinstance.py:441} INFO - ::group::Post task execution logs
[2024-06-01T12:35:16.035+0000] {taskinstance.py:2905} ERROR - Task failed with exception
Traceback (most recent call last):
  File "/home/airflow/.local/lib/python3.12/site-packages/airflow/models/taskinstance.py", line 465, in _execute_task
    result = _execute_callable(context=context, **execute_callable_kwargs)
             ^^^^^^^^^^^^^^^^^^^^^^^^^^^^^^^^^^^^^^^^^^^^^^^^^^^^^^^^^^^^^
  File "/home/airflow/.local/lib/python3.12/site-packages/airflow/models/taskinstance.py", line 432, in _execute_callable
    return execute_callable(context=context, **execute_callable_kwargs)
           ^^^^^^^^^^^^^^^^^^^^^^^^^^^^^^^^^^^^^^^^^^^^^^^^^^^^^^^^^^^^
  File "/home/airflow/.local/lib/python3.12/site-packages/airflow/models/baseoperator.py", line 400, in wrapper
    return func(self, *args, **kwargs)
           ^^^^^^^^^^^^^^^^^^^^^^^^^^^
  File "/home/airflow/.local/lib/python3.12/site-packages/airflow/operators/python.py", line 235, in execute
    return_value = self.execute_callable()
                   ^^^^^^^^^^^^^^^^^^^^^^^
  File "/home/airflow/.local/lib/python3.12/site-packages/airflow/operators/python.py", line 252, in execute_callable
    return self.python_callable(*self.op_args, **self.op_kwargs)
           ^^^^^^^^^^^^^^^^^^^^^^^^^^^^^^^^^^^^^^^^^^^^^^^^^^^^^
  File "/opt/airflow/dags/process_csv_dag.py", line 16, in read_csv
    df = pd.read_csv("temp.csv")
         ^^^^^^^^^^^^^^^^^^^^^^^
  File "/home/airflow/.local/lib/python3.12/site-packages/pandas/io/parsers/readers.py", line 948, in read_csv
    return _read(filepath_or_buffer, kwds)
           ^^^^^^^^^^^^^^^^^^^^^^^^^^^^^^^
  File "/home/airflow/.local/lib/python3.12/site-packages/pandas/io/parsers/readers.py", line 611, in _read
    parser = TextFileReader(filepath_or_buffer, **kwds)
             ^^^^^^^^^^^^^^^^^^^^^^^^^^^^^^^^^^^^^^^^^^
  File "/home/airflow/.local/lib/python3.12/site-packages/pandas/io/parsers/readers.py", line 1448, in __init__
    self._engine = self._make_engine(f, self.engine)
                   ^^^^^^^^^^^^^^^^^^^^^^^^^^^^^^^^^
  File "/home/airflow/.local/lib/python3.12/site-packages/pandas/io/parsers/readers.py", line 1705, in _make_engine
    self.handles = get_handle(
                   ^^^^^^^^^^^
  File "/home/airflow/.local/lib/python3.12/site-packages/pandas/io/common.py", line 863, in get_handle
    handle = open(
             ^^^^^
FileNotFoundError: [Errno 2] No such file or directory: 'temp.csv'
[2024-06-01T12:35:16.063+0000] {taskinstance.py:1206} INFO - Marking task as FAILED. dag_id=my_second_dag, task_id=task_1, run_id=manual__2024-06-01T12:35:08.035234+00:00, execution_date=20240601T123508, start_date=20240601T123515, end_date=20240601T123516
[2024-06-01T12:35:16.095+0000] {standard_task_runner.py:110} ERROR - Failed to execute job 199 for task task_1 ([Errno 2] No such file or directory: 'temp.csv'; 72)
[2024-06-01T12:35:16.137+0000] {local_task_job_runner.py:240} INFO - Task exited with return code 1
[2024-06-01T12:35:16.200+0000] {taskinstance.py:3498} INFO - 0 downstream tasks scheduled from follow-on schedule check
[2024-06-01T12:35:16.209+0000] {local_task_job_runner.py:222} INFO - ::endgroup::
