[2024-06-17T16:47:39.151+0000] {local_task_job_runner.py:120} INFO - ::group::Pre task execution logs
[2024-06-17T16:47:39.194+0000] {taskinstance.py:2076} INFO - Dependencies all met for dep_context=non-requeueable deps ti=<TaskInstance: my_second_dag.task_2 manual_run_20240617_221727 [queued]>
[2024-06-17T16:47:39.219+0000] {taskinstance.py:2076} INFO - Dependencies all met for dep_context=requeueable deps ti=<TaskInstance: my_second_dag.task_2 manual_run_20240617_221727 [queued]>
[2024-06-17T16:47:39.220+0000] {taskinstance.py:2306} INFO - Starting attempt 1 of 1
[2024-06-17T16:47:39.247+0000] {taskinstance.py:2330} INFO - Executing <Task(PythonOperator): task_2> on 2024-06-17 16:47:27.435845+00:00
[2024-06-17T16:47:39.257+0000] {warnings.py:110} WARNING - /home/***/.local/lib/python3.12/site-packages/***/task/task_runner/standard_task_runner.py:61: DeprecationWarning: This process (pid=703) is multi-threaded, use of fork() may lead to deadlocks in the child.
  pid = os.fork()

[2024-06-17T16:47:39.259+0000] {standard_task_runner.py:63} INFO - Started process 711 to run task
[2024-06-17T16:47:39.259+0000] {standard_task_runner.py:90} INFO - Running: ['***', 'tasks', 'run', 'my_second_dag', 'task_2', 'manual_run_20240617_221727', '--job-id', '214', '--raw', '--subdir', 'DAGS_FOLDER/process_csv_dag.py', '--cfg-path', '/tmp/tmp5eokuy_h']
[2024-06-17T16:47:39.260+0000] {standard_task_runner.py:91} INFO - Job 214: Subtask task_2
[2024-06-17T16:47:39.327+0000] {task_command.py:426} INFO - Running <TaskInstance: my_second_dag.task_2 manual_run_20240617_221727 [running]> on host d6628e1eb10b
[2024-06-17T16:47:39.482+0000] {taskinstance.py:2648} INFO - Exporting env vars: AIRFLOW_CTX_DAG_OWNER='Yukesh' AIRFLOW_CTX_DAG_ID='my_second_dag' AIRFLOW_CTX_TASK_ID='task_2' AIRFLOW_CTX_EXECUTION_DATE='2024-06-17T16:47:27.435845+00:00' AIRFLOW_CTX_TRY_NUMBER='1' AIRFLOW_CTX_DAG_RUN_ID='manual_run_20240617_221727'
[2024-06-17T16:47:39.493+0000] {taskinstance.py:430} INFO - ::endgroup::
[2024-06-17T16:47:39.593+0000] {logging_mixin.py:188} INFO - Executing Task 2
[2024-06-17T16:47:39.594+0000] {python.py:237} INFO - Done. Returned value was: None
[2024-06-17T16:47:39.604+0000] {taskinstance.py:441} INFO - ::group::Post task execution logs
[2024-06-17T16:47:39.644+0000] {taskinstance.py:1206} INFO - Marking task as SUCCESS. dag_id=my_second_dag, task_id=task_2, run_id=manual_run_20240617_221727, execution_date=20240617T164727, start_date=20240617T164739, end_date=20240617T164739
[2024-06-17T16:47:39.716+0000] {local_task_job_runner.py:240} INFO - Task exited with return code 0
[2024-06-17T16:47:39.767+0000] {taskinstance.py:3498} INFO - 0 downstream tasks scheduled from follow-on schedule check
[2024-06-17T16:47:39.773+0000] {local_task_job_runner.py:222} INFO - ::endgroup::
