[2024-07-05T08:31:42.013+0000] {local_task_job_runner.py:120} INFO - ::group::Pre task execution logs
[2024-07-05T08:31:42.056+0000] {taskinstance.py:2076} INFO - Dependencies all met for dep_context=non-requeueable deps ti=<TaskInstance: taxi_trip_processing.remove_unwanted_columns manual_run_20240705_140126 [queued]>
[2024-07-05T08:31:42.075+0000] {taskinstance.py:2076} INFO - Dependencies all met for dep_context=requeueable deps ti=<TaskInstance: taxi_trip_processing.remove_unwanted_columns manual_run_20240705_140126 [queued]>
[2024-07-05T08:31:42.078+0000] {taskinstance.py:2306} INFO - Starting attempt 1 of 2
[2024-07-05T08:31:42.103+0000] {taskinstance.py:2330} INFO - Executing <Task(PythonOperator): remove_unwanted_columns> on 2024-07-05 08:31:26.935935+00:00
[2024-07-05T08:31:42.122+0000] {warnings.py:110} WARNING - /home/***/.local/lib/python3.12/site-packages/***/task/task_runner/standard_task_runner.py:61: DeprecationWarning: This process (pid=6278) is multi-threaded, use of fork() may lead to deadlocks in the child.
  pid = os.fork()

[2024-07-05T08:31:42.141+0000] {standard_task_runner.py:63} INFO - Started process 6280 to run task
[2024-07-05T08:31:42.139+0000] {standard_task_runner.py:90} INFO - Running: ['***', 'tasks', 'run', 'taxi_trip_processing', 'remove_unwanted_columns', 'manual_run_20240705_140126', '--job-id', '512', '--raw', '--subdir', 'DAGS_FOLDER/process_csv_dag.py', '--cfg-path', '/tmp/tmp00du3k6l']
[2024-07-05T08:31:42.146+0000] {standard_task_runner.py:91} INFO - Job 512: Subtask remove_unwanted_columns
[2024-07-05T08:31:42.252+0000] {task_command.py:426} INFO - Running <TaskInstance: taxi_trip_processing.remove_unwanted_columns manual_run_20240705_140126 [running]> on host 7fbd25afd4e9
[2024-07-05T08:31:42.426+0000] {taskinstance.py:2648} INFO - Exporting env vars: AIRFLOW_CTX_DAG_EMAIL='your_email@gmail.com' AIRFLOW_CTX_DAG_OWNER='Yukesh' AIRFLOW_CTX_DAG_ID='taxi_trip_processing' AIRFLOW_CTX_TASK_ID='remove_unwanted_columns' AIRFLOW_CTX_EXECUTION_DATE='2024-07-05T08:31:26.935935+00:00' AIRFLOW_CTX_TRY_NUMBER='1' AIRFLOW_CTX_DAG_RUN_ID='manual_run_20240705_140126'
[2024-07-05T08:31:42.431+0000] {taskinstance.py:430} INFO - ::endgroup::
[2024-07-05T08:31:42.624+0000] {warnings.py:110} WARNING - /opt/***/dags/process_csv_dag.py:33: FutureWarning: Passing literal json to 'read_json' is deprecated and will be removed in a future version. To read from a literal string, wrap it in a 'StringIO' object.
  df = pd.read_json(ti.xcom_pull(task_ids='load_data', key='loaded_df'))

[2024-07-05T08:31:42.823+0000] {python.py:237} INFO - Done. Returned value was: None
[2024-07-05T08:31:42.824+0000] {taskinstance.py:441} INFO - ::group::Post task execution logs
[2024-07-05T08:31:42.865+0000] {taskinstance.py:1206} INFO - Marking task as SUCCESS. dag_id=taxi_trip_processing, task_id=remove_unwanted_columns, run_id=manual_run_20240705_140126, execution_date=20240705T083126, start_date=20240705T083142, end_date=20240705T083142
[2024-07-05T08:31:42.924+0000] {local_task_job_runner.py:240} INFO - Task exited with return code 0
[2024-07-05T08:31:42.981+0000] {taskinstance.py:3498} INFO - 1 downstream tasks scheduled from follow-on schedule check
[2024-07-05T08:31:42.984+0000] {local_task_job_runner.py:222} INFO - ::endgroup::
