[2024-05-24T12:57:49.853+0000] {local_task_job_runner.py:120} INFO - ::group::Pre task execution logs
[2024-05-24T12:57:49.886+0000] {taskinstance.py:2076} INFO - Dependencies all met for dep_context=non-requeueable deps ti=<TaskInstance: my_second_dag.task_2 manual__2024-05-24T12:57:08.580952+00:00 [queued]>
[2024-05-24T12:57:49.901+0000] {taskinstance.py:2076} INFO - Dependencies all met for dep_context=requeueable deps ti=<TaskInstance: my_second_dag.task_2 manual__2024-05-24T12:57:08.580952+00:00 [queued]>
[2024-05-24T12:57:49.902+0000] {taskinstance.py:2306} INFO - Starting attempt 2 of 2
[2024-05-24T12:57:49.925+0000] {taskinstance.py:2330} INFO - Executing <Task(PythonOperator): task_2> on 2024-05-24 12:57:08.580952+00:00
[2024-05-24T12:57:49.933+0000] {warnings.py:110} WARNING - /home/***/.local/lib/python3.12/site-packages/***/task/task_runner/standard_task_runner.py:61: DeprecationWarning: This process (pid=273) is multi-threaded, use of fork() may lead to deadlocks in the child.
  pid = os.fork()

[2024-05-24T12:57:49.935+0000] {standard_task_runner.py:63} INFO - Started process 274 to run task
[2024-05-24T12:57:49.935+0000] {standard_task_runner.py:90} INFO - Running: ['***', 'tasks', 'run', 'my_second_dag', 'task_2', 'manual__2024-05-24T12:57:08.580952+00:00', '--job-id', '116', '--raw', '--subdir', 'DAGS_FOLDER/process_csv_dag.py', '--cfg-path', '/tmp/tmp0i3xtv3g']
[2024-05-24T12:57:49.937+0000] {standard_task_runner.py:91} INFO - Job 116: Subtask task_2
[2024-05-24T12:57:50.005+0000] {task_command.py:426} INFO - Running <TaskInstance: my_second_dag.task_2 manual__2024-05-24T12:57:08.580952+00:00 [running]> on host 4826d776a63f
[2024-05-24T12:57:50.211+0000] {taskinstance.py:2648} INFO - Exporting env vars: AIRFLOW_CTX_DAG_OWNER='Yukesh' AIRFLOW_CTX_DAG_ID='my_second_dag' AIRFLOW_CTX_TASK_ID='task_2' AIRFLOW_CTX_EXECUTION_DATE='2024-05-24T12:57:08.580952+00:00' AIRFLOW_CTX_TRY_NUMBER='2' AIRFLOW_CTX_DAG_RUN_ID='manual__2024-05-24T12:57:08.580952+00:00'
[2024-05-24T12:57:50.213+0000] {taskinstance.py:430} INFO - ::endgroup::
[2024-05-24T12:57:50.246+0000] {logging_mixin.py:188} INFO - Executing Task 2
[2024-05-24T12:57:50.247+0000] {python.py:237} INFO - Done. Returned value was: None
[2024-05-24T12:57:50.250+0000] {taskinstance.py:441} INFO - ::group::Post task execution logs
[2024-05-24T12:57:50.271+0000] {taskinstance.py:1206} INFO - Marking task as SUCCESS. dag_id=my_second_dag, task_id=task_2, run_id=manual__2024-05-24T12:57:08.580952+00:00, execution_date=20240524T125708, start_date=20240524T125749, end_date=20240524T125750
[2024-05-24T12:57:50.312+0000] {local_task_job_runner.py:240} INFO - Task exited with return code 0
[2024-05-24T12:57:50.334+0000] {taskinstance.py:3498} INFO - 0 downstream tasks scheduled from follow-on schedule check
[2024-05-24T12:57:50.337+0000] {local_task_job_runner.py:222} INFO - ::endgroup::
