[2024-06-01T11:52:55.308+0000] {local_task_job_runner.py:120} INFO - ::group::Pre task execution logs
[2024-06-01T11:52:55.334+0000] {taskinstance.py:2076} INFO - Dependencies all met for dep_context=non-requeueable deps ti=<TaskInstance: my_second_dag.task_1 manual_run_20240601_172254 [queued]>
[2024-06-01T11:52:55.343+0000] {taskinstance.py:2076} INFO - Dependencies all met for dep_context=requeueable deps ti=<TaskInstance: my_second_dag.task_1 manual_run_20240601_172254 [queued]>
[2024-06-01T11:52:55.344+0000] {taskinstance.py:2306} INFO - Starting attempt 1 of 1
[2024-06-01T11:52:55.361+0000] {taskinstance.py:2330} INFO - Executing <Task(PythonOperator): task_1> on 2024-06-01 11:52:54.489076+00:00
[2024-06-01T11:52:55.368+0000] {warnings.py:110} WARNING - /home/***/.local/lib/python3.12/site-packages/***/task/task_runner/standard_task_runner.py:61: DeprecationWarning: This process (pid=89) is multi-threaded, use of fork() may lead to deadlocks in the child.
  pid = os.fork()

[2024-06-01T11:52:55.369+0000] {standard_task_runner.py:63} INFO - Started process 90 to run task
[2024-06-01T11:52:55.369+0000] {standard_task_runner.py:90} INFO - Running: ['***', 'tasks', 'run', 'my_second_dag', 'task_1', 'manual_run_20240601_172254', '--job-id', '185', '--raw', '--subdir', 'DAGS_FOLDER/process_csv_dag.py', '--cfg-path', '/tmp/tmpw8x5shf9']
[2024-06-01T11:52:55.371+0000] {standard_task_runner.py:91} INFO - Job 185: Subtask task_1
[2024-06-01T11:52:55.421+0000] {task_command.py:426} INFO - Running <TaskInstance: my_second_dag.task_1 manual_run_20240601_172254 [running]> on host 4826d776a63f
[2024-06-01T11:52:55.522+0000] {taskinstance.py:2648} INFO - Exporting env vars: AIRFLOW_CTX_DAG_OWNER='Yukesh' AIRFLOW_CTX_DAG_ID='my_second_dag' AIRFLOW_CTX_TASK_ID='task_1' AIRFLOW_CTX_EXECUTION_DATE='2024-06-01T11:52:54.489076+00:00' AIRFLOW_CTX_TRY_NUMBER='1' AIRFLOW_CTX_DAG_RUN_ID='manual_run_20240601_172254'
[2024-06-01T11:52:55.523+0000] {taskinstance.py:430} INFO - ::endgroup::
[2024-06-01T11:52:55.537+0000] {logging_mixin.py:188} INFO - Executing Task 1
[2024-06-01T11:52:55.538+0000] {python.py:237} INFO - Done. Returned value was: None
[2024-06-01T11:52:55.539+0000] {taskinstance.py:441} INFO - ::group::Post task execution logs
[2024-06-01T11:52:55.548+0000] {taskinstance.py:1206} INFO - Marking task as SUCCESS. dag_id=my_second_dag, task_id=task_1, run_id=manual_run_20240601_172254, execution_date=20240601T115254, start_date=20240601T115255, end_date=20240601T115255
[2024-06-01T11:52:55.584+0000] {local_task_job_runner.py:240} INFO - Task exited with return code 0
[2024-06-01T11:52:55.604+0000] {taskinstance.py:3498} INFO - 1 downstream tasks scheduled from follow-on schedule check
[2024-06-01T11:52:55.615+0000] {local_task_job_runner.py:222} INFO - ::endgroup::
