[2024-05-25T14:54:35.046+0000] {local_task_job_runner.py:120} INFO - ::group::Pre task execution logs
[2024-05-25T14:54:35.214+0000] {taskinstance.py:2076} INFO - Dependencies all met for dep_context=non-requeueable deps ti=<TaskInstance: my_second_dag.task_1 manual_run_2 [queued]>
[2024-05-25T14:54:35.254+0000] {taskinstance.py:2076} INFO - Dependencies all met for dep_context=requeueable deps ti=<TaskInstance: my_second_dag.task_1 manual_run_2 [queued]>
[2024-05-25T14:54:35.256+0000] {taskinstance.py:2306} INFO - Starting attempt 1 of 1
[2024-05-25T14:54:35.340+0000] {taskinstance.py:2330} INFO - Executing <Task(PythonOperator): task_1> on 2024-05-25 14:53:25.692603+00:00
[2024-05-25T14:54:35.377+0000] {standard_task_runner.py:90} INFO - Running: ['***', 'tasks', 'run', 'my_second_dag', 'task_1', 'manual_run_2', '--job-id', '124', '--raw', '--subdir', 'DAGS_FOLDER/process_csv_dag.py', '--cfg-path', '/tmp/tmpvs_eep74']
[2024-05-25T14:54:35.386+0000] {standard_task_runner.py:91} INFO - Job 124: Subtask task_1
[2024-05-25T14:54:35.383+0000] {warnings.py:110} WARNING - /home/***/.local/lib/python3.12/site-packages/***/task/task_runner/standard_task_runner.py:61: DeprecationWarning: This process (pid=122) is multi-threaded, use of fork() may lead to deadlocks in the child.
  pid = os.fork()

[2024-05-25T14:54:35.396+0000] {standard_task_runner.py:63} INFO - Started process 131 to run task
[2024-05-25T14:54:36.160+0000] {task_command.py:426} INFO - Running <TaskInstance: my_second_dag.task_1 manual_run_2 [running]> on host 4826d776a63f
[2024-05-25T14:54:36.963+0000] {taskinstance.py:2648} INFO - Exporting env vars: AIRFLOW_CTX_DAG_OWNER='Yukesh' AIRFLOW_CTX_DAG_ID='my_second_dag' AIRFLOW_CTX_TASK_ID='task_1' AIRFLOW_CTX_EXECUTION_DATE='2024-05-25T14:53:25.692603+00:00' AIRFLOW_CTX_TRY_NUMBER='1' AIRFLOW_CTX_DAG_RUN_ID='manual_run_2'
[2024-05-25T14:54:36.965+0000] {taskinstance.py:430} INFO - ::endgroup::
[2024-05-25T14:54:37.133+0000] {logging_mixin.py:188} INFO - Executing Task 1
[2024-05-25T14:54:37.135+0000] {python.py:237} INFO - Done. Returned value was: None
[2024-05-25T14:54:37.142+0000] {taskinstance.py:441} INFO - ::group::Post task execution logs
[2024-05-25T14:54:37.166+0000] {taskinstance.py:1206} INFO - Marking task as SUCCESS. dag_id=my_second_dag, task_id=task_1, run_id=manual_run_2, execution_date=20240525T145325, start_date=20240525T145435, end_date=20240525T145437
[2024-05-25T14:54:37.263+0000] {local_task_job_runner.py:240} INFO - Task exited with return code 0
[2024-05-25T14:54:37.440+0000] {taskinstance.py:3498} INFO - 1 downstream tasks scheduled from follow-on schedule check
[2024-05-25T14:54:37.451+0000] {local_task_job_runner.py:222} INFO - ::endgroup::
