[2024-05-25T14:58:10.680+0000] {local_task_job_runner.py:120} INFO - ::group::Pre task execution logs
[2024-05-25T14:58:10.712+0000] {taskinstance.py:2076} INFO - Dependencies all met for dep_context=non-requeueable deps ti=<TaskInstance: my_second_dag.task_2 manual_run_20240525_202808_6 [queued]>
[2024-05-25T14:58:10.728+0000] {taskinstance.py:2076} INFO - Dependencies all met for dep_context=requeueable deps ti=<TaskInstance: my_second_dag.task_2 manual_run_20240525_202808_6 [queued]>
[2024-05-25T14:58:10.729+0000] {taskinstance.py:2306} INFO - Starting attempt 1 of 1
[2024-05-25T14:58:10.749+0000] {taskinstance.py:2330} INFO - Executing <Task(PythonOperator): task_2> on 2024-05-25 14:58:08.491338+00:00
[2024-05-25T14:58:10.757+0000] {warnings.py:110} WARNING - /home/***/.local/lib/python3.12/site-packages/***/task/task_runner/standard_task_runner.py:61: DeprecationWarning: This process (pid=222) is multi-threaded, use of fork() may lead to deadlocks in the child.
  pid = os.fork()

[2024-05-25T14:58:10.759+0000] {standard_task_runner.py:63} INFO - Started process 223 to run task
[2024-05-25T14:58:10.759+0000] {standard_task_runner.py:90} INFO - Running: ['***', 'tasks', 'run', 'my_second_dag', 'task_2', 'manual_run_20240525_202808_6', '--job-id', '150', '--raw', '--subdir', 'DAGS_FOLDER/process_csv_dag.py', '--cfg-path', '/tmp/tmp4i3tx_u2']
[2024-05-25T14:58:10.761+0000] {standard_task_runner.py:91} INFO - Job 150: Subtask task_2
[2024-05-25T14:58:10.820+0000] {task_command.py:426} INFO - Running <TaskInstance: my_second_dag.task_2 manual_run_20240525_202808_6 [running]> on host 4826d776a63f
[2024-05-25T14:58:10.945+0000] {taskinstance.py:2648} INFO - Exporting env vars: AIRFLOW_CTX_DAG_OWNER='Yukesh' AIRFLOW_CTX_DAG_ID='my_second_dag' AIRFLOW_CTX_TASK_ID='task_2' AIRFLOW_CTX_EXECUTION_DATE='2024-05-25T14:58:08.491338+00:00' AIRFLOW_CTX_TRY_NUMBER='1' AIRFLOW_CTX_DAG_RUN_ID='manual_run_20240525_202808_6'
[2024-05-25T14:58:10.947+0000] {taskinstance.py:430} INFO - ::endgroup::
[2024-05-25T14:58:10.965+0000] {logging_mixin.py:188} INFO - Executing Task 2
[2024-05-25T14:58:10.966+0000] {python.py:237} INFO - Done. Returned value was: None
[2024-05-25T14:58:10.968+0000] {taskinstance.py:441} INFO - ::group::Post task execution logs
[2024-05-25T14:58:10.980+0000] {taskinstance.py:1206} INFO - Marking task as SUCCESS. dag_id=my_second_dag, task_id=task_2, run_id=manual_run_20240525_202808_6, execution_date=20240525T145808, start_date=20240525T145810, end_date=20240525T145810
[2024-05-25T14:58:11.015+0000] {local_task_job_runner.py:240} INFO - Task exited with return code 0
[2024-05-25T14:58:11.037+0000] {taskinstance.py:3498} INFO - 0 downstream tasks scheduled from follow-on schedule check
[2024-05-25T14:58:11.040+0000] {local_task_job_runner.py:222} INFO - ::endgroup::
