[2024-05-24T12:36:56.385+0000] {local_task_job_runner.py:120} INFO - ::group::Pre task execution logs
[2024-05-24T12:36:56.450+0000] {taskinstance.py:2076} INFO - Dependencies all met for dep_context=non-requeueable deps ti=<TaskInstance: hello_world_dag.hello_world_task1 scheduled__2023-11-07T00:00:00+00:00 [queued]>
[2024-05-24T12:36:56.471+0000] {taskinstance.py:2076} INFO - Dependencies all met for dep_context=requeueable deps ti=<TaskInstance: hello_world_dag.hello_world_task1 scheduled__2023-11-07T00:00:00+00:00 [queued]>
[2024-05-24T12:36:56.473+0000] {taskinstance.py:2306} INFO - Starting attempt 1 of 1
[2024-05-24T12:36:56.504+0000] {taskinstance.py:2330} INFO - Executing <Task(BashOperator): hello_world_task1> on 2023-11-07 00:00:00+00:00
[2024-05-24T12:36:56.515+0000] {warnings.py:110} WARNING - /home/***/.local/lib/python3.12/site-packages/***/task/task_runner/standard_task_runner.py:61: DeprecationWarning: This process (pid=264) is multi-threaded, use of fork() may lead to deadlocks in the child.
  pid = os.fork()

[2024-05-24T12:36:56.518+0000] {standard_task_runner.py:63} INFO - Started process 271 to run task
[2024-05-24T12:36:56.518+0000] {standard_task_runner.py:90} INFO - Running: ['***', 'tasks', 'run', 'hello_world_dag', 'hello_world_task1', 'scheduled__2023-11-07T00:00:00+00:00', '--job-id', '61', '--raw', '--subdir', 'DAGS_FOLDER/process_csv_dag.py', '--cfg-path', '/tmp/tmpij07ragv']
[2024-05-24T12:36:56.521+0000] {standard_task_runner.py:91} INFO - Job 61: Subtask hello_world_task1
[2024-05-24T12:36:56.625+0000] {task_command.py:426} INFO - Running <TaskInstance: hello_world_dag.hello_world_task1 scheduled__2023-11-07T00:00:00+00:00 [running]> on host 4826d776a63f
[2024-05-24T12:36:56.840+0000] {taskinstance.py:2648} INFO - Exporting env vars: AIRFLOW_CTX_DAG_OWNER='***' AIRFLOW_CTX_DAG_ID='hello_world_dag' AIRFLOW_CTX_TASK_ID='hello_world_task1' AIRFLOW_CTX_EXECUTION_DATE='2023-11-07T00:00:00+00:00' AIRFLOW_CTX_TRY_NUMBER='1' AIRFLOW_CTX_DAG_RUN_ID='scheduled__2023-11-07T00:00:00+00:00'
[2024-05-24T12:36:56.842+0000] {taskinstance.py:430} INFO - ::endgroup::
[2024-05-24T12:36:56.872+0000] {subprocess.py:63} INFO - Tmp dir root location: /tmp
[2024-05-24T12:36:56.874+0000] {subprocess.py:75} INFO - Running command: ['/usr/bin/bash', '-c', "echo 'Hello World!'"]
[2024-05-24T12:36:56.891+0000] {subprocess.py:86} INFO - Output:
[2024-05-24T12:36:56.896+0000] {subprocess.py:93} INFO - Hello World!
[2024-05-24T12:36:56.897+0000] {subprocess.py:97} INFO - Command exited with return code 0
[2024-05-24T12:36:56.899+0000] {taskinstance.py:441} INFO - ::group::Post task execution logs
[2024-05-24T12:36:56.949+0000] {taskinstance.py:1206} INFO - Marking task as SUCCESS. dag_id=hello_world_dag, task_id=hello_world_task1, run_id=scheduled__2023-11-07T00:00:00+00:00, execution_date=20231107T000000, start_date=20240524T123656, end_date=20240524T123656
[2024-05-24T12:36:57.017+0000] {local_task_job_runner.py:240} INFO - Task exited with return code 0
[2024-05-24T12:36:57.061+0000] {taskinstance.py:3498} INFO - 1 downstream tasks scheduled from follow-on schedule check
[2024-05-24T12:36:57.065+0000] {local_task_job_runner.py:222} INFO - ::endgroup::
