[2024-05-27T03:31:48.502+0000] {processor.py:161} INFO - Started process (PID=36) to work on /opt/airflow/dags/process_csv_dag.py
[2024-05-27T03:31:48.507+0000] {processor.py:830} INFO - Processing file /opt/airflow/dags/process_csv_dag.py for tasks to queue
[2024-05-27T03:31:48.515+0000] {logging_mixin.py:188} INFO - [2024-05-27T03:31:48.511+0000] {dagbag.py:545} INFO - Filling up the DagBag from /opt/airflow/dags/process_csv_dag.py
[2024-05-27T03:31:48.693+0000] {processor.py:840} INFO - DAG(s) 'my_second_dag' retrieved from /opt/airflow/dags/process_csv_dag.py
[2024-05-27T03:31:50.229+0000] {logging_mixin.py:188} INFO - [2024-05-27T03:31:50.227+0000] {dag.py:3096} INFO - Sync 1 DAGs
[2024-05-27T03:31:50.345+0000] {logging_mixin.py:188} INFO - [2024-05-27T03:31:50.344+0000] {dag.py:3954} INFO - Setting next_dagrun for my_second_dag to None, run_after=None
[2024-05-27T03:31:50.570+0000] {processor.py:183} INFO - Processing /opt/airflow/dags/process_csv_dag.py took 2.172 seconds
[2024-05-27T03:32:22.608+0000] {processor.py:161} INFO - Started process (PID=45) to work on /opt/airflow/dags/process_csv_dag.py
[2024-05-27T03:32:22.616+0000] {processor.py:830} INFO - Processing file /opt/airflow/dags/process_csv_dag.py for tasks to queue
[2024-05-27T03:32:22.647+0000] {logging_mixin.py:188} INFO - [2024-05-27T03:32:22.641+0000] {dagbag.py:545} INFO - Filling up the DagBag from /opt/airflow/dags/process_csv_dag.py
[2024-05-27T03:32:22.872+0000] {processor.py:840} INFO - DAG(s) 'my_second_dag' retrieved from /opt/airflow/dags/process_csv_dag.py
[2024-05-27T03:32:23.061+0000] {logging_mixin.py:188} INFO - [2024-05-27T03:32:23.060+0000] {dag.py:3096} INFO - Sync 1 DAGs
[2024-05-27T03:32:23.176+0000] {logging_mixin.py:188} INFO - [2024-05-27T03:32:23.175+0000] {dag.py:3954} INFO - Setting next_dagrun for my_second_dag to None, run_after=None
[2024-05-27T03:32:23.265+0000] {processor.py:183} INFO - Processing /opt/airflow/dags/process_csv_dag.py took 1.807 seconds
[2024-05-27T03:32:53.603+0000] {processor.py:161} INFO - Started process (PID=53) to work on /opt/airflow/dags/process_csv_dag.py
[2024-05-27T03:32:53.606+0000] {processor.py:830} INFO - Processing file /opt/airflow/dags/process_csv_dag.py for tasks to queue
[2024-05-27T03:32:53.609+0000] {logging_mixin.py:188} INFO - [2024-05-27T03:32:53.608+0000] {dagbag.py:545} INFO - Filling up the DagBag from /opt/airflow/dags/process_csv_dag.py
[2024-05-27T03:32:53.658+0000] {processor.py:840} INFO - DAG(s) 'my_second_dag' retrieved from /opt/airflow/dags/process_csv_dag.py
[2024-05-27T03:32:53.727+0000] {logging_mixin.py:188} INFO - [2024-05-27T03:32:53.727+0000] {dag.py:3096} INFO - Sync 1 DAGs
[2024-05-27T03:32:53.754+0000] {logging_mixin.py:188} INFO - [2024-05-27T03:32:53.754+0000] {dag.py:3954} INFO - Setting next_dagrun for my_second_dag to None, run_after=None
[2024-05-27T03:32:53.808+0000] {processor.py:183} INFO - Processing /opt/airflow/dags/process_csv_dag.py took 0.212 seconds
[2024-05-27T03:33:23.946+0000] {processor.py:161} INFO - Started process (PID=62) to work on /opt/airflow/dags/process_csv_dag.py
[2024-05-27T03:33:23.947+0000] {processor.py:830} INFO - Processing file /opt/airflow/dags/process_csv_dag.py for tasks to queue
[2024-05-27T03:33:23.955+0000] {logging_mixin.py:188} INFO - [2024-05-27T03:33:23.950+0000] {dagbag.py:545} INFO - Filling up the DagBag from /opt/airflow/dags/process_csv_dag.py
[2024-05-27T03:33:23.997+0000] {processor.py:840} INFO - DAG(s) 'my_second_dag' retrieved from /opt/airflow/dags/process_csv_dag.py
[2024-05-27T03:33:24.055+0000] {logging_mixin.py:188} INFO - [2024-05-27T03:33:24.055+0000] {dag.py:3096} INFO - Sync 1 DAGs
[2024-05-27T03:33:24.086+0000] {logging_mixin.py:188} INFO - [2024-05-27T03:33:24.085+0000] {dag.py:3954} INFO - Setting next_dagrun for my_second_dag to None, run_after=None
[2024-05-27T03:33:24.119+0000] {processor.py:183} INFO - Processing /opt/airflow/dags/process_csv_dag.py took 0.187 seconds
[2024-05-27T03:33:54.369+0000] {processor.py:161} INFO - Started process (PID=70) to work on /opt/airflow/dags/process_csv_dag.py
[2024-05-27T03:33:54.371+0000] {processor.py:830} INFO - Processing file /opt/airflow/dags/process_csv_dag.py for tasks to queue
[2024-05-27T03:33:54.376+0000] {logging_mixin.py:188} INFO - [2024-05-27T03:33:54.375+0000] {dagbag.py:545} INFO - Filling up the DagBag from /opt/airflow/dags/process_csv_dag.py
[2024-05-27T03:33:54.799+0000] {processor.py:840} INFO - DAG(s) 'my_second_dag' retrieved from /opt/airflow/dags/process_csv_dag.py
[2024-05-27T03:33:55.000+0000] {logging_mixin.py:188} INFO - [2024-05-27T03:33:54.999+0000] {dag.py:3096} INFO - Sync 1 DAGs
[2024-05-27T03:33:55.098+0000] {logging_mixin.py:188} INFO - [2024-05-27T03:33:55.098+0000] {dag.py:3954} INFO - Setting next_dagrun for my_second_dag to None, run_after=None
[2024-05-27T03:33:55.231+0000] {processor.py:183} INFO - Processing /opt/airflow/dags/process_csv_dag.py took 0.878 seconds
[2024-05-27T03:34:25.461+0000] {processor.py:161} INFO - Started process (PID=78) to work on /opt/airflow/dags/process_csv_dag.py
[2024-05-27T03:34:25.464+0000] {processor.py:830} INFO - Processing file /opt/airflow/dags/process_csv_dag.py for tasks to queue
[2024-05-27T03:34:25.470+0000] {logging_mixin.py:188} INFO - [2024-05-27T03:34:25.469+0000] {dagbag.py:545} INFO - Filling up the DagBag from /opt/airflow/dags/process_csv_dag.py
[2024-05-27T03:34:25.510+0000] {processor.py:840} INFO - DAG(s) 'my_second_dag' retrieved from /opt/airflow/dags/process_csv_dag.py
[2024-05-27T03:34:25.566+0000] {logging_mixin.py:188} INFO - [2024-05-27T03:34:25.565+0000] {dag.py:3096} INFO - Sync 1 DAGs
[2024-05-27T03:34:25.610+0000] {logging_mixin.py:188} INFO - [2024-05-27T03:34:25.610+0000] {dag.py:3954} INFO - Setting next_dagrun for my_second_dag to None, run_after=None
[2024-05-27T03:34:25.651+0000] {processor.py:183} INFO - Processing /opt/airflow/dags/process_csv_dag.py took 0.205 seconds
[2024-05-27T03:34:55.935+0000] {processor.py:161} INFO - Started process (PID=86) to work on /opt/airflow/dags/process_csv_dag.py
[2024-05-27T03:34:55.936+0000] {processor.py:830} INFO - Processing file /opt/airflow/dags/process_csv_dag.py for tasks to queue
[2024-05-27T03:34:55.940+0000] {logging_mixin.py:188} INFO - [2024-05-27T03:34:55.940+0000] {dagbag.py:545} INFO - Filling up the DagBag from /opt/airflow/dags/process_csv_dag.py
[2024-05-27T03:34:55.975+0000] {processor.py:840} INFO - DAG(s) 'my_second_dag' retrieved from /opt/airflow/dags/process_csv_dag.py
[2024-05-27T03:34:56.014+0000] {logging_mixin.py:188} INFO - [2024-05-27T03:34:56.013+0000] {dag.py:3096} INFO - Sync 1 DAGs
[2024-05-27T03:34:56.044+0000] {logging_mixin.py:188} INFO - [2024-05-27T03:34:56.044+0000] {dag.py:3954} INFO - Setting next_dagrun for my_second_dag to None, run_after=None
[2024-05-27T03:34:56.077+0000] {processor.py:183} INFO - Processing /opt/airflow/dags/process_csv_dag.py took 0.153 seconds
[2024-05-27T03:35:26.639+0000] {processor.py:161} INFO - Started process (PID=95) to work on /opt/airflow/dags/process_csv_dag.py
[2024-05-27T03:35:26.643+0000] {processor.py:830} INFO - Processing file /opt/airflow/dags/process_csv_dag.py for tasks to queue
[2024-05-27T03:35:26.653+0000] {logging_mixin.py:188} INFO - [2024-05-27T03:35:26.651+0000] {dagbag.py:545} INFO - Filling up the DagBag from /opt/airflow/dags/process_csv_dag.py
[2024-05-27T03:35:26.719+0000] {processor.py:840} INFO - DAG(s) 'my_second_dag' retrieved from /opt/airflow/dags/process_csv_dag.py
[2024-05-27T03:35:26.802+0000] {logging_mixin.py:188} INFO - [2024-05-27T03:35:26.801+0000] {dag.py:3096} INFO - Sync 1 DAGs
[2024-05-27T03:35:26.840+0000] {logging_mixin.py:188} INFO - [2024-05-27T03:35:26.840+0000] {dag.py:3954} INFO - Setting next_dagrun for my_second_dag to None, run_after=None
[2024-05-27T03:35:26.885+0000] {processor.py:183} INFO - Processing /opt/airflow/dags/process_csv_dag.py took 0.265 seconds
