[2024-07-01T12:47:47.524+0000] {local_task_job_runner.py:120} INFO - ::group::Pre task execution logs
[2024-07-01T12:47:47.549+0000] {taskinstance.py:2076} INFO - Dependencies all met for dep_context=non-requeueable deps ti=<TaskInstance: taxi_trip_processing.rename_columns manual_run_20240701_181235 [queued]>
[2024-07-01T12:47:47.684+0000] {taskinstance.py:2076} INFO - Dependencies all met for dep_context=requeueable deps ti=<TaskInstance: taxi_trip_processing.rename_columns manual_run_20240701_181235 [queued]>
[2024-07-01T12:47:47.684+0000] {taskinstance.py:2306} INFO - Starting attempt 1 of 2
[2024-07-01T12:47:47.701+0000] {taskinstance.py:2330} INFO - Executing <Task(PythonOperator): rename_columns> on 2024-07-01 12:42:35.479162+00:00
[2024-07-01T12:47:47.707+0000] {warnings.py:110} WARNING - /home/***/.local/lib/python3.12/site-packages/***/task/task_runner/standard_task_runner.py:61: DeprecationWarning: This process (pid=535) is multi-threaded, use of fork() may lead to deadlocks in the child.
  pid = os.fork()

[2024-07-01T12:47:47.709+0000] {standard_task_runner.py:63} INFO - Started process 537 to run task
[2024-07-01T12:47:47.709+0000] {standard_task_runner.py:90} INFO - Running: ['***', 'tasks', 'run', 'taxi_trip_processing', 'rename_columns', 'manual_run_20240701_181235', '--job-id', '433', '--raw', '--subdir', 'DAGS_FOLDER/process_csv_dag.py', '--cfg-path', '/tmp/tmp9xeey13u']
[2024-07-01T12:47:47.712+0000] {standard_task_runner.py:91} INFO - Job 433: Subtask rename_columns
[2024-07-01T12:47:47.775+0000] {task_command.py:426} INFO - Running <TaskInstance: taxi_trip_processing.rename_columns manual_run_20240701_181235 [running]> on host 7fbd25afd4e9
[2024-07-01T12:47:47.872+0000] {taskinstance.py:2648} INFO - Exporting env vars: AIRFLOW_CTX_DAG_EMAIL='your_email@example.com' AIRFLOW_CTX_DAG_OWNER='Yukesh' AIRFLOW_CTX_DAG_ID='taxi_trip_processing' AIRFLOW_CTX_TASK_ID='rename_columns' AIRFLOW_CTX_EXECUTION_DATE='2024-07-01T12:42:35.479162+00:00' AIRFLOW_CTX_TRY_NUMBER='1' AIRFLOW_CTX_DAG_RUN_ID='manual_run_20240701_181235'
[2024-07-01T12:47:47.874+0000] {taskinstance.py:430} INFO - ::endgroup::
[2024-07-01T12:47:47.903+0000] {warnings.py:110} WARNING - /opt/***/dags/process_csv_dag.py:95: FutureWarning: Passing literal json to 'read_json' is deprecated and will be removed in a future version. To read from a literal string, wrap it in a 'StringIO' object.
  df = pd.read_json(ti.xcom_pull(task_ids='generate_new_columns', key='final_df'))

[2024-07-01T12:47:47.944+0000] {python.py:237} INFO - Done. Returned value was: None
[2024-07-01T12:47:47.945+0000] {taskinstance.py:441} INFO - ::group::Post task execution logs
[2024-07-01T12:47:47.955+0000] {taskinstance.py:1206} INFO - Marking task as SUCCESS. dag_id=taxi_trip_processing, task_id=rename_columns, run_id=manual_run_20240701_181235, execution_date=20240701T124235, start_date=20240701T124747, end_date=20240701T124747
[2024-07-01T12:47:48.004+0000] {local_task_job_runner.py:240} INFO - Task exited with return code 0
[2024-07-01T12:47:48.024+0000] {taskinstance.py:3498} INFO - 1 downstream tasks scheduled from follow-on schedule check
[2024-07-01T12:47:48.027+0000] {local_task_job_runner.py:222} INFO - ::endgroup::
