[2024-05-25T14:54:39.295+0000] {local_task_job_runner.py:120} INFO - ::group::Pre task execution logs
[2024-05-25T14:54:39.406+0000] {taskinstance.py:2076} INFO - Dependencies all met for dep_context=non-requeueable deps ti=<TaskInstance: my_second_dag.task_2 manual_run_5 [queued]>
[2024-05-25T14:54:39.445+0000] {taskinstance.py:2076} INFO - Dependencies all met for dep_context=requeueable deps ti=<TaskInstance: my_second_dag.task_2 manual_run_5 [queued]>
[2024-05-25T14:54:39.449+0000] {taskinstance.py:2306} INFO - Starting attempt 1 of 1
[2024-05-25T14:54:39.554+0000] {taskinstance.py:2330} INFO - Executing <Task(PythonOperator): task_2> on 2024-05-25 14:53:56.558476+00:00
[2024-05-25T14:54:39.582+0000] {standard_task_runner.py:90} INFO - Running: ['***', 'tasks', 'run', 'my_second_dag', 'task_2', 'manual_run_5', '--job-id', '129', '--raw', '--subdir', 'DAGS_FOLDER/process_csv_dag.py', '--cfg-path', '/tmp/tmpxn0ptu69']
[2024-05-25T14:54:39.589+0000] {standard_task_runner.py:91} INFO - Job 129: Subtask task_2
[2024-05-25T14:54:39.575+0000] {warnings.py:110} WARNING - /home/***/.local/lib/python3.12/site-packages/***/task/task_runner/standard_task_runner.py:61: DeprecationWarning: This process (pid=137) is multi-threaded, use of fork() may lead to deadlocks in the child.
  pid = os.fork()

[2024-05-25T14:54:39.595+0000] {standard_task_runner.py:63} INFO - Started process 141 to run task
[2024-05-25T14:54:39.783+0000] {task_command.py:426} INFO - Running <TaskInstance: my_second_dag.task_2 manual_run_5 [running]> on host 4826d776a63f
[2024-05-25T14:54:40.448+0000] {taskinstance.py:2648} INFO - Exporting env vars: AIRFLOW_CTX_DAG_OWNER='Yukesh' AIRFLOW_CTX_DAG_ID='my_second_dag' AIRFLOW_CTX_TASK_ID='task_2' AIRFLOW_CTX_EXECUTION_DATE='2024-05-25T14:53:56.558476+00:00' AIRFLOW_CTX_TRY_NUMBER='1' AIRFLOW_CTX_DAG_RUN_ID='manual_run_5'
[2024-05-25T14:54:40.461+0000] {taskinstance.py:430} INFO - ::endgroup::
[2024-05-25T14:54:40.531+0000] {logging_mixin.py:188} INFO - Executing Task 2
[2024-05-25T14:54:40.539+0000] {python.py:237} INFO - Done. Returned value was: None
[2024-05-25T14:54:40.543+0000] {taskinstance.py:441} INFO - ::group::Post task execution logs
[2024-05-25T14:54:40.593+0000] {taskinstance.py:1206} INFO - Marking task as SUCCESS. dag_id=my_second_dag, task_id=task_2, run_id=manual_run_5, execution_date=20240525T145356, start_date=20240525T145439, end_date=20240525T145440
[2024-05-25T14:54:40.703+0000] {local_task_job_runner.py:240} INFO - Task exited with return code 0
[2024-05-25T14:54:40.776+0000] {taskinstance.py:3498} INFO - 0 downstream tasks scheduled from follow-on schedule check
[2024-05-25T14:54:40.781+0000] {local_task_job_runner.py:222} INFO - ::endgroup::
