[2024-05-24T12:36:46.359+0000] {local_task_job_runner.py:120} INFO - ::group::Pre task execution logs
[2024-05-24T12:36:47.221+0000] {taskinstance.py:2076} INFO - Dependencies all met for dep_context=non-requeueable deps ti=<TaskInstance: hello_world_dag.hello_world_task2 scheduled__2023-10-29T00:00:00+00:00 [queued]>
[2024-05-24T12:36:47.490+0000] {taskinstance.py:2076} INFO - Dependencies all met for dep_context=requeueable deps ti=<TaskInstance: hello_world_dag.hello_world_task2 scheduled__2023-10-29T00:00:00+00:00 [queued]>
[2024-05-24T12:36:47.496+0000] {taskinstance.py:2306} INFO - Starting attempt 1 of 1
[2024-05-24T12:36:48.138+0000] {taskinstance.py:2330} INFO - Executing <Task(BashOperator): hello_world_task2> on 2023-10-29 00:00:00+00:00
[2024-05-24T12:36:48.169+0000] {warnings.py:110} WARNING - /home/***/.local/lib/python3.12/site-packages/***/task/task_runner/standard_task_runner.py:61: DeprecationWarning: This process (pid=225) is multi-threaded, use of fork() may lead to deadlocks in the child.
  pid = os.fork()

[2024-05-24T12:36:48.183+0000] {standard_task_runner.py:63} INFO - Started process 245 to run task
[2024-05-24T12:36:48.180+0000] {standard_task_runner.py:90} INFO - Running: ['***', 'tasks', 'run', 'hello_world_dag', 'hello_world_task2', 'scheduled__2023-10-29T00:00:00+00:00', '--job-id', '51', '--raw', '--subdir', 'DAGS_FOLDER/process_csv_dag.py', '--cfg-path', '/tmp/tmp375no5z7']
[2024-05-24T12:36:48.187+0000] {standard_task_runner.py:91} INFO - Job 51: Subtask hello_world_task2
[2024-05-24T12:36:48.663+0000] {task_command.py:426} INFO - Running <TaskInstance: hello_world_dag.hello_world_task2 scheduled__2023-10-29T00:00:00+00:00 [running]> on host 4826d776a63f
[2024-05-24T12:36:49.228+0000] {taskinstance.py:2648} INFO - Exporting env vars: AIRFLOW_CTX_DAG_OWNER='***' AIRFLOW_CTX_DAG_ID='hello_world_dag' AIRFLOW_CTX_TASK_ID='hello_world_task2' AIRFLOW_CTX_EXECUTION_DATE='2023-10-29T00:00:00+00:00' AIRFLOW_CTX_TRY_NUMBER='1' AIRFLOW_CTX_DAG_RUN_ID='scheduled__2023-10-29T00:00:00+00:00'
[2024-05-24T12:36:49.249+0000] {taskinstance.py:430} INFO - ::endgroup::
[2024-05-24T12:36:49.622+0000] {subprocess.py:63} INFO - Tmp dir root location: /tmp
[2024-05-24T12:36:49.636+0000] {subprocess.py:75} INFO - Running command: ['/usr/bin/bash', '-c', "echo 'Hello World! Now I am triggered after the first task!'"]
[2024-05-24T12:36:49.703+0000] {subprocess.py:86} INFO - Output:
[2024-05-24T12:36:49.727+0000] {subprocess.py:93} INFO - Hello World! Now I am triggered after the first task!
[2024-05-24T12:36:49.729+0000] {subprocess.py:97} INFO - Command exited with return code 0
[2024-05-24T12:36:49.738+0000] {taskinstance.py:441} INFO - ::group::Post task execution logs
[2024-05-24T12:36:50.002+0000] {taskinstance.py:1206} INFO - Marking task as SUCCESS. dag_id=hello_world_dag, task_id=hello_world_task2, run_id=scheduled__2023-10-29T00:00:00+00:00, execution_date=20231029T000000, start_date=20240524T123647, end_date=20240524T123650
[2024-05-24T12:36:50.138+0000] {local_task_job_runner.py:240} INFO - Task exited with return code 0
[2024-05-24T12:36:50.258+0000] {taskinstance.py:3498} INFO - 0 downstream tasks scheduled from follow-on schedule check
[2024-05-24T12:36:50.273+0000] {local_task_job_runner.py:222} INFO - ::endgroup::
