[2024-05-25T14:57:30.202+0000] {local_task_job_runner.py:120} INFO - ::group::Pre task execution logs
[2024-05-25T14:57:30.241+0000] {taskinstance.py:2076} INFO - Dependencies all met for dep_context=non-requeueable deps ti=<TaskInstance: my_second_dag.task_2 manual_run_20240525_202727_2 [queued]>
[2024-05-25T14:57:30.259+0000] {taskinstance.py:2076} INFO - Dependencies all met for dep_context=requeueable deps ti=<TaskInstance: my_second_dag.task_2 manual_run_20240525_202727_2 [queued]>
[2024-05-25T14:57:30.260+0000] {taskinstance.py:2306} INFO - Starting attempt 1 of 1
[2024-05-25T14:57:30.285+0000] {taskinstance.py:2330} INFO - Executing <Task(PythonOperator): task_2> on 2024-05-25 14:57:27.537958+00:00
[2024-05-25T14:57:30.294+0000] {warnings.py:110} WARNING - /home/***/.local/lib/python3.12/site-packages/***/task/task_runner/standard_task_runner.py:61: DeprecationWarning: This process (pid=199) is multi-threaded, use of fork() may lead to deadlocks in the child.
  pid = os.fork()

[2024-05-25T14:57:30.296+0000] {standard_task_runner.py:63} INFO - Started process 200 to run task
[2024-05-25T14:57:30.296+0000] {standard_task_runner.py:90} INFO - Running: ['***', 'tasks', 'run', 'my_second_dag', 'task_2', 'manual_run_20240525_202727_2', '--job-id', '142', '--raw', '--subdir', 'DAGS_FOLDER/process_csv_dag.py', '--cfg-path', '/tmp/tmp8_1uh3vw']
[2024-05-25T14:57:30.298+0000] {standard_task_runner.py:91} INFO - Job 142: Subtask task_2
[2024-05-25T14:57:30.378+0000] {task_command.py:426} INFO - Running <TaskInstance: my_second_dag.task_2 manual_run_20240525_202727_2 [running]> on host 4826d776a63f
[2024-05-25T14:57:30.717+0000] {taskinstance.py:2648} INFO - Exporting env vars: AIRFLOW_CTX_DAG_OWNER='Yukesh' AIRFLOW_CTX_DAG_ID='my_second_dag' AIRFLOW_CTX_TASK_ID='task_2' AIRFLOW_CTX_EXECUTION_DATE='2024-05-25T14:57:27.537958+00:00' AIRFLOW_CTX_TRY_NUMBER='1' AIRFLOW_CTX_DAG_RUN_ID='manual_run_20240525_202727_2'
[2024-05-25T14:57:30.723+0000] {taskinstance.py:430} INFO - ::endgroup::
[2024-05-25T14:57:30.757+0000] {logging_mixin.py:188} INFO - Executing Task 2
[2024-05-25T14:57:30.758+0000] {python.py:237} INFO - Done. Returned value was: None
[2024-05-25T14:57:30.762+0000] {taskinstance.py:441} INFO - ::group::Post task execution logs
[2024-05-25T14:57:30.779+0000] {taskinstance.py:1206} INFO - Marking task as SUCCESS. dag_id=my_second_dag, task_id=task_2, run_id=manual_run_20240525_202727_2, execution_date=20240525T145727, start_date=20240525T145730, end_date=20240525T145730
[2024-05-25T14:57:30.839+0000] {local_task_job_runner.py:240} INFO - Task exited with return code 0
[2024-05-25T14:57:30.867+0000] {taskinstance.py:3498} INFO - 0 downstream tasks scheduled from follow-on schedule check
[2024-05-25T14:57:30.870+0000] {local_task_job_runner.py:222} INFO - ::endgroup::
