[2024-05-25T14:58:09.484+0000] {local_task_job_runner.py:120} INFO - ::group::Pre task execution logs
[2024-05-25T14:58:09.515+0000] {taskinstance.py:2076} INFO - Dependencies all met for dep_context=non-requeueable deps ti=<TaskInstance: my_second_dag.task_1 manual_run_20240525_202808_6 [queued]>
[2024-05-25T14:58:09.526+0000] {taskinstance.py:2076} INFO - Dependencies all met for dep_context=requeueable deps ti=<TaskInstance: my_second_dag.task_1 manual_run_20240525_202808_6 [queued]>
[2024-05-25T14:58:09.527+0000] {taskinstance.py:2306} INFO - Starting attempt 1 of 1
[2024-05-25T14:58:09.548+0000] {taskinstance.py:2330} INFO - Executing <Task(PythonOperator): task_1> on 2024-05-25 14:58:08.491338+00:00
[2024-05-25T14:58:09.557+0000] {warnings.py:110} WARNING - /home/***/.local/lib/python3.12/site-packages/***/task/task_runner/standard_task_runner.py:61: DeprecationWarning: This process (pid=220) is multi-threaded, use of fork() may lead to deadlocks in the child.
  pid = os.fork()

[2024-05-25T14:58:09.559+0000] {standard_task_runner.py:63} INFO - Started process 221 to run task
[2024-05-25T14:58:09.558+0000] {standard_task_runner.py:90} INFO - Running: ['***', 'tasks', 'run', 'my_second_dag', 'task_1', 'manual_run_20240525_202808_6', '--job-id', '149', '--raw', '--subdir', 'DAGS_FOLDER/process_csv_dag.py', '--cfg-path', '/tmp/tmpkmnomipo']
[2024-05-25T14:58:09.560+0000] {standard_task_runner.py:91} INFO - Job 149: Subtask task_1
[2024-05-25T14:58:09.620+0000] {task_command.py:426} INFO - Running <TaskInstance: my_second_dag.task_1 manual_run_20240525_202808_6 [running]> on host 4826d776a63f
[2024-05-25T14:58:09.734+0000] {taskinstance.py:2648} INFO - Exporting env vars: AIRFLOW_CTX_DAG_OWNER='Yukesh' AIRFLOW_CTX_DAG_ID='my_second_dag' AIRFLOW_CTX_TASK_ID='task_1' AIRFLOW_CTX_EXECUTION_DATE='2024-05-25T14:58:08.491338+00:00' AIRFLOW_CTX_TRY_NUMBER='1' AIRFLOW_CTX_DAG_RUN_ID='manual_run_20240525_202808_6'
[2024-05-25T14:58:09.736+0000] {taskinstance.py:430} INFO - ::endgroup::
[2024-05-25T14:58:09.755+0000] {logging_mixin.py:188} INFO - Executing Task 1
[2024-05-25T14:58:09.756+0000] {python.py:237} INFO - Done. Returned value was: None
[2024-05-25T14:58:09.757+0000] {taskinstance.py:441} INFO - ::group::Post task execution logs
[2024-05-25T14:58:09.768+0000] {taskinstance.py:1206} INFO - Marking task as SUCCESS. dag_id=my_second_dag, task_id=task_1, run_id=manual_run_20240525_202808_6, execution_date=20240525T145808, start_date=20240525T145809, end_date=20240525T145809
[2024-05-25T14:58:09.814+0000] {local_task_job_runner.py:240} INFO - Task exited with return code 0
[2024-05-25T14:58:09.838+0000] {taskinstance.py:3498} INFO - 1 downstream tasks scheduled from follow-on schedule check
[2024-05-25T14:58:09.840+0000] {local_task_job_runner.py:222} INFO - ::endgroup::
