[2024-05-25T14:49:05.353+0000] {processor.py:161} INFO - Started process (PID=44) to work on /opt/airflow/dags/helpers.py
[2024-05-25T14:49:05.355+0000] {processor.py:830} INFO - Processing file /opt/airflow/dags/helpers.py for tasks to queue
[2024-05-25T14:49:05.360+0000] {logging_mixin.py:188} INFO - [2024-05-25T14:49:05.359+0000] {dagbag.py:545} INFO - Filling up the DagBag from /opt/airflow/dags/helpers.py
[2024-05-25T14:49:11.184+0000] {processor.py:842} WARNING - No viable dags retrieved from /opt/airflow/dags/helpers.py
[2024-05-25T14:49:11.246+0000] {processor.py:183} INFO - Processing /opt/airflow/dags/helpers.py took 5.908 seconds
[2024-05-25T14:49:41.508+0000] {processor.py:161} INFO - Started process (PID=54) to work on /opt/airflow/dags/helpers.py
[2024-05-25T14:49:41.538+0000] {processor.py:830} INFO - Processing file /opt/airflow/dags/helpers.py for tasks to queue
[2024-05-25T14:49:41.567+0000] {logging_mixin.py:188} INFO - [2024-05-25T14:49:41.565+0000] {dagbag.py:545} INFO - Filling up the DagBag from /opt/airflow/dags/helpers.py
[2024-05-25T14:49:54.205+0000] {processor.py:842} WARNING - No viable dags retrieved from /opt/airflow/dags/helpers.py
[2024-05-25T14:49:54.243+0000] {processor.py:183} INFO - Processing /opt/airflow/dags/helpers.py took 12.807 seconds
[2024-05-25T14:50:24.446+0000] {processor.py:161} INFO - Started process (PID=64) to work on /opt/airflow/dags/helpers.py
[2024-05-25T14:50:24.448+0000] {processor.py:830} INFO - Processing file /opt/airflow/dags/helpers.py for tasks to queue
[2024-05-25T14:50:24.451+0000] {logging_mixin.py:188} INFO - [2024-05-25T14:50:24.450+0000] {dagbag.py:545} INFO - Filling up the DagBag from /opt/airflow/dags/helpers.py
[2024-05-25T14:50:25.355+0000] {processor.py:842} WARNING - No viable dags retrieved from /opt/airflow/dags/helpers.py
[2024-05-25T14:50:25.370+0000] {processor.py:183} INFO - Processing /opt/airflow/dags/helpers.py took 0.932 seconds
[2024-05-25T14:50:55.784+0000] {processor.py:161} INFO - Started process (PID=74) to work on /opt/airflow/dags/helpers.py
[2024-05-25T14:50:55.786+0000] {processor.py:830} INFO - Processing file /opt/airflow/dags/helpers.py for tasks to queue
[2024-05-25T14:50:55.788+0000] {logging_mixin.py:188} INFO - [2024-05-25T14:50:55.788+0000] {dagbag.py:545} INFO - Filling up the DagBag from /opt/airflow/dags/helpers.py
[2024-05-25T14:51:02.763+0000] {processor.py:842} WARNING - No viable dags retrieved from /opt/airflow/dags/helpers.py
[2024-05-25T14:51:02.777+0000] {processor.py:183} INFO - Processing /opt/airflow/dags/helpers.py took 7.002 seconds
[2024-05-25T14:51:33.253+0000] {processor.py:161} INFO - Started process (PID=84) to work on /opt/airflow/dags/helpers.py
[2024-05-25T14:51:33.255+0000] {processor.py:830} INFO - Processing file /opt/airflow/dags/helpers.py for tasks to queue
[2024-05-25T14:51:33.258+0000] {logging_mixin.py:188} INFO - [2024-05-25T14:51:33.257+0000] {dagbag.py:545} INFO - Filling up the DagBag from /opt/airflow/dags/helpers.py
[2024-05-25T14:51:34.024+0000] {processor.py:842} WARNING - No viable dags retrieved from /opt/airflow/dags/helpers.py
[2024-05-25T14:51:34.040+0000] {processor.py:183} INFO - Processing /opt/airflow/dags/helpers.py took 0.796 seconds
[2024-05-25T14:52:04.496+0000] {processor.py:161} INFO - Started process (PID=94) to work on /opt/airflow/dags/helpers.py
[2024-05-25T14:52:04.498+0000] {processor.py:830} INFO - Processing file /opt/airflow/dags/helpers.py for tasks to queue
[2024-05-25T14:52:04.502+0000] {logging_mixin.py:188} INFO - [2024-05-25T14:52:04.501+0000] {dagbag.py:545} INFO - Filling up the DagBag from /opt/airflow/dags/helpers.py
[2024-05-25T14:52:05.416+0000] {processor.py:842} WARNING - No viable dags retrieved from /opt/airflow/dags/helpers.py
[2024-05-25T14:52:05.429+0000] {processor.py:183} INFO - Processing /opt/airflow/dags/helpers.py took 0.942 seconds
[2024-05-25T14:52:35.871+0000] {processor.py:161} INFO - Started process (PID=110) to work on /opt/airflow/dags/helpers.py
[2024-05-25T14:52:35.873+0000] {processor.py:830} INFO - Processing file /opt/airflow/dags/helpers.py for tasks to queue
[2024-05-25T14:52:35.875+0000] {logging_mixin.py:188} INFO - [2024-05-25T14:52:35.875+0000] {dagbag.py:545} INFO - Filling up the DagBag from /opt/airflow/dags/helpers.py
[2024-05-25T14:52:36.448+0000] {processor.py:842} WARNING - No viable dags retrieved from /opt/airflow/dags/helpers.py
[2024-05-25T14:52:36.460+0000] {processor.py:183} INFO - Processing /opt/airflow/dags/helpers.py took 0.610 seconds
[2024-05-25T14:53:07.060+0000] {processor.py:161} INFO - Started process (PID=122) to work on /opt/airflow/dags/helpers.py
[2024-05-25T14:53:07.077+0000] {processor.py:830} INFO - Processing file /opt/airflow/dags/helpers.py for tasks to queue
[2024-05-25T14:53:07.100+0000] {logging_mixin.py:188} INFO - [2024-05-25T14:53:07.099+0000] {dagbag.py:545} INFO - Filling up the DagBag from /opt/airflow/dags/helpers.py
[2024-05-25T14:53:09.974+0000] {processor.py:842} WARNING - No viable dags retrieved from /opt/airflow/dags/helpers.py
[2024-05-25T14:53:10.005+0000] {processor.py:183} INFO - Processing /opt/airflow/dags/helpers.py took 3.048 seconds
[2024-05-25T14:53:40.742+0000] {processor.py:161} INFO - Started process (PID=132) to work on /opt/airflow/dags/helpers.py
[2024-05-25T14:53:40.743+0000] {processor.py:830} INFO - Processing file /opt/airflow/dags/helpers.py for tasks to queue
[2024-05-25T14:53:40.745+0000] {logging_mixin.py:188} INFO - [2024-05-25T14:53:40.745+0000] {dagbag.py:545} INFO - Filling up the DagBag from /opt/airflow/dags/helpers.py
[2024-05-25T14:53:41.243+0000] {processor.py:842} WARNING - No viable dags retrieved from /opt/airflow/dags/helpers.py
[2024-05-25T14:53:41.257+0000] {processor.py:183} INFO - Processing /opt/airflow/dags/helpers.py took 0.523 seconds
[2024-05-25T14:54:12.269+0000] {processor.py:161} INFO - Started process (PID=142) to work on /opt/airflow/dags/helpers.py
[2024-05-25T14:54:12.271+0000] {processor.py:830} INFO - Processing file /opt/airflow/dags/helpers.py for tasks to queue
[2024-05-25T14:54:12.274+0000] {logging_mixin.py:188} INFO - [2024-05-25T14:54:12.274+0000] {dagbag.py:545} INFO - Filling up the DagBag from /opt/airflow/dags/helpers.py
[2024-05-25T14:54:13.387+0000] {processor.py:842} WARNING - No viable dags retrieved from /opt/airflow/dags/helpers.py
[2024-05-25T14:54:13.407+0000] {processor.py:183} INFO - Processing /opt/airflow/dags/helpers.py took 1.150 seconds
[2024-05-25T14:54:43.982+0000] {processor.py:161} INFO - Started process (PID=180) to work on /opt/airflow/dags/helpers.py
[2024-05-25T14:54:43.985+0000] {processor.py:830} INFO - Processing file /opt/airflow/dags/helpers.py for tasks to queue
[2024-05-25T14:54:43.993+0000] {logging_mixin.py:188} INFO - [2024-05-25T14:54:43.991+0000] {dagbag.py:545} INFO - Filling up the DagBag from /opt/airflow/dags/helpers.py
[2024-05-25T14:54:45.688+0000] {processor.py:842} WARNING - No viable dags retrieved from /opt/airflow/dags/helpers.py
[2024-05-25T14:54:45.760+0000] {processor.py:183} INFO - Processing /opt/airflow/dags/helpers.py took 1.794 seconds
[2024-05-25T14:55:16.268+0000] {processor.py:161} INFO - Started process (PID=191) to work on /opt/airflow/dags/helpers.py
[2024-05-25T14:55:16.270+0000] {processor.py:830} INFO - Processing file /opt/airflow/dags/helpers.py for tasks to queue
[2024-05-25T14:55:16.273+0000] {logging_mixin.py:188} INFO - [2024-05-25T14:55:16.272+0000] {dagbag.py:545} INFO - Filling up the DagBag from /opt/airflow/dags/helpers.py
[2024-05-25T14:55:16.983+0000] {processor.py:842} WARNING - No viable dags retrieved from /opt/airflow/dags/helpers.py
[2024-05-25T14:55:17.001+0000] {processor.py:183} INFO - Processing /opt/airflow/dags/helpers.py took 0.742 seconds
[2024-05-25T14:55:47.226+0000] {processor.py:161} INFO - Started process (PID=201) to work on /opt/airflow/dags/helpers.py
[2024-05-25T14:55:47.228+0000] {processor.py:830} INFO - Processing file /opt/airflow/dags/helpers.py for tasks to queue
[2024-05-25T14:55:47.230+0000] {logging_mixin.py:188} INFO - [2024-05-25T14:55:47.230+0000] {dagbag.py:545} INFO - Filling up the DagBag from /opt/airflow/dags/helpers.py
[2024-05-25T14:55:49.369+0000] {processor.py:842} WARNING - No viable dags retrieved from /opt/airflow/dags/helpers.py
[2024-05-25T14:55:49.411+0000] {processor.py:183} INFO - Processing /opt/airflow/dags/helpers.py took 2.191 seconds
[2024-05-25T14:56:19.863+0000] {processor.py:161} INFO - Started process (PID=211) to work on /opt/airflow/dags/helpers.py
[2024-05-25T14:56:19.864+0000] {processor.py:830} INFO - Processing file /opt/airflow/dags/helpers.py for tasks to queue
[2024-05-25T14:56:19.867+0000] {logging_mixin.py:188} INFO - [2024-05-25T14:56:19.866+0000] {dagbag.py:545} INFO - Filling up the DagBag from /opt/airflow/dags/helpers.py
[2024-05-25T14:56:20.636+0000] {processor.py:842} WARNING - No viable dags retrieved from /opt/airflow/dags/helpers.py
[2024-05-25T14:56:20.650+0000] {processor.py:183} INFO - Processing /opt/airflow/dags/helpers.py took 0.795 seconds
[2024-05-25T14:56:51.117+0000] {processor.py:161} INFO - Started process (PID=221) to work on /opt/airflow/dags/helpers.py
[2024-05-25T14:56:51.119+0000] {processor.py:830} INFO - Processing file /opt/airflow/dags/helpers.py for tasks to queue
[2024-05-25T14:56:51.124+0000] {logging_mixin.py:188} INFO - [2024-05-25T14:56:51.123+0000] {dagbag.py:545} INFO - Filling up the DagBag from /opt/airflow/dags/helpers.py
[2024-05-25T14:56:52.634+0000] {processor.py:842} WARNING - No viable dags retrieved from /opt/airflow/dags/helpers.py
[2024-05-25T14:56:52.659+0000] {processor.py:183} INFO - Processing /opt/airflow/dags/helpers.py took 1.558 seconds
[2024-05-25T14:57:23.279+0000] {processor.py:161} INFO - Started process (PID=234) to work on /opt/airflow/dags/helpers.py
[2024-05-25T14:57:23.281+0000] {processor.py:830} INFO - Processing file /opt/airflow/dags/helpers.py for tasks to queue
[2024-05-25T14:57:23.286+0000] {logging_mixin.py:188} INFO - [2024-05-25T14:57:23.285+0000] {dagbag.py:545} INFO - Filling up the DagBag from /opt/airflow/dags/helpers.py
[2024-05-25T14:57:24.298+0000] {processor.py:842} WARNING - No viable dags retrieved from /opt/airflow/dags/helpers.py
[2024-05-25T14:57:24.315+0000] {processor.py:183} INFO - Processing /opt/airflow/dags/helpers.py took 1.048 seconds
[2024-05-25T14:57:54.675+0000] {processor.py:161} INFO - Started process (PID=244) to work on /opt/airflow/dags/helpers.py
[2024-05-25T14:57:54.676+0000] {processor.py:830} INFO - Processing file /opt/airflow/dags/helpers.py for tasks to queue
[2024-05-25T14:57:54.680+0000] {logging_mixin.py:188} INFO - [2024-05-25T14:57:54.680+0000] {dagbag.py:545} INFO - Filling up the DagBag from /opt/airflow/dags/helpers.py
[2024-05-25T14:57:56.273+0000] {processor.py:842} WARNING - No viable dags retrieved from /opt/airflow/dags/helpers.py
[2024-05-25T14:57:56.358+0000] {processor.py:183} INFO - Processing /opt/airflow/dags/helpers.py took 1.693 seconds
[2024-05-25T14:58:26.890+0000] {processor.py:161} INFO - Started process (PID=254) to work on /opt/airflow/dags/helpers.py
[2024-05-25T14:58:26.892+0000] {processor.py:830} INFO - Processing file /opt/airflow/dags/helpers.py for tasks to queue
[2024-05-25T14:58:26.896+0000] {logging_mixin.py:188} INFO - [2024-05-25T14:58:26.895+0000] {dagbag.py:545} INFO - Filling up the DagBag from /opt/airflow/dags/helpers.py
[2024-05-25T14:58:27.827+0000] {processor.py:842} WARNING - No viable dags retrieved from /opt/airflow/dags/helpers.py
[2024-05-25T14:58:27.847+0000] {processor.py:183} INFO - Processing /opt/airflow/dags/helpers.py took 0.970 seconds
[2024-05-25T14:58:58.259+0000] {processor.py:161} INFO - Started process (PID=264) to work on /opt/airflow/dags/helpers.py
[2024-05-25T14:58:58.261+0000] {processor.py:830} INFO - Processing file /opt/airflow/dags/helpers.py for tasks to queue
[2024-05-25T14:58:58.264+0000] {logging_mixin.py:188} INFO - [2024-05-25T14:58:58.263+0000] {dagbag.py:545} INFO - Filling up the DagBag from /opt/airflow/dags/helpers.py
[2024-05-25T14:58:59.415+0000] {processor.py:842} WARNING - No viable dags retrieved from /opt/airflow/dags/helpers.py
[2024-05-25T14:58:59.496+0000] {processor.py:183} INFO - Processing /opt/airflow/dags/helpers.py took 1.244 seconds
[2024-05-25T14:59:29.830+0000] {processor.py:161} INFO - Started process (PID=274) to work on /opt/airflow/dags/helpers.py
[2024-05-25T14:59:29.831+0000] {processor.py:830} INFO - Processing file /opt/airflow/dags/helpers.py for tasks to queue
[2024-05-25T14:59:29.834+0000] {logging_mixin.py:188} INFO - [2024-05-25T14:59:29.834+0000] {dagbag.py:545} INFO - Filling up the DagBag from /opt/airflow/dags/helpers.py
[2024-05-25T14:59:30.496+0000] {processor.py:842} WARNING - No viable dags retrieved from /opt/airflow/dags/helpers.py
[2024-05-25T14:59:30.512+0000] {processor.py:183} INFO - Processing /opt/airflow/dags/helpers.py took 0.689 seconds
[2024-05-25T15:00:00.983+0000] {processor.py:161} INFO - Started process (PID=284) to work on /opt/airflow/dags/helpers.py
[2024-05-25T15:00:00.984+0000] {processor.py:830} INFO - Processing file /opt/airflow/dags/helpers.py for tasks to queue
[2024-05-25T15:00:00.987+0000] {logging_mixin.py:188} INFO - [2024-05-25T15:00:00.987+0000] {dagbag.py:545} INFO - Filling up the DagBag from /opt/airflow/dags/helpers.py
[2024-05-25T15:00:01.667+0000] {processor.py:842} WARNING - No viable dags retrieved from /opt/airflow/dags/helpers.py
[2024-05-25T15:00:01.685+0000] {processor.py:183} INFO - Processing /opt/airflow/dags/helpers.py took 0.709 seconds
[2024-05-25T15:00:32.138+0000] {processor.py:161} INFO - Started process (PID=294) to work on /opt/airflow/dags/helpers.py
[2024-05-25T15:00:32.139+0000] {processor.py:830} INFO - Processing file /opt/airflow/dags/helpers.py for tasks to queue
[2024-05-25T15:00:32.142+0000] {logging_mixin.py:188} INFO - [2024-05-25T15:00:32.141+0000] {dagbag.py:545} INFO - Filling up the DagBag from /opt/airflow/dags/helpers.py
[2024-05-25T15:00:32.915+0000] {processor.py:842} WARNING - No viable dags retrieved from /opt/airflow/dags/helpers.py
[2024-05-25T15:00:32.928+0000] {processor.py:183} INFO - Processing /opt/airflow/dags/helpers.py took 0.797 seconds
[2024-05-25T15:01:03.416+0000] {processor.py:161} INFO - Started process (PID=304) to work on /opt/airflow/dags/helpers.py
[2024-05-25T15:01:03.417+0000] {processor.py:830} INFO - Processing file /opt/airflow/dags/helpers.py for tasks to queue
[2024-05-25T15:01:03.420+0000] {logging_mixin.py:188} INFO - [2024-05-25T15:01:03.419+0000] {dagbag.py:545} INFO - Filling up the DagBag from /opt/airflow/dags/helpers.py
[2024-05-25T15:01:04.140+0000] {processor.py:842} WARNING - No viable dags retrieved from /opt/airflow/dags/helpers.py
[2024-05-25T15:01:04.156+0000] {processor.py:183} INFO - Processing /opt/airflow/dags/helpers.py took 0.762 seconds
[2024-05-25T15:01:34.647+0000] {processor.py:161} INFO - Started process (PID=314) to work on /opt/airflow/dags/helpers.py
[2024-05-25T15:01:34.650+0000] {processor.py:830} INFO - Processing file /opt/airflow/dags/helpers.py for tasks to queue
[2024-05-25T15:01:34.657+0000] {logging_mixin.py:188} INFO - [2024-05-25T15:01:34.656+0000] {dagbag.py:545} INFO - Filling up the DagBag from /opt/airflow/dags/helpers.py
[2024-05-25T15:01:35.537+0000] {processor.py:842} WARNING - No viable dags retrieved from /opt/airflow/dags/helpers.py
[2024-05-25T15:01:35.551+0000] {processor.py:183} INFO - Processing /opt/airflow/dags/helpers.py took 0.923 seconds
[2024-05-25T15:02:05.996+0000] {processor.py:161} INFO - Started process (PID=324) to work on /opt/airflow/dags/helpers.py
[2024-05-25T15:02:05.998+0000] {processor.py:830} INFO - Processing file /opt/airflow/dags/helpers.py for tasks to queue
[2024-05-25T15:02:06.000+0000] {logging_mixin.py:188} INFO - [2024-05-25T15:02:06.000+0000] {dagbag.py:545} INFO - Filling up the DagBag from /opt/airflow/dags/helpers.py
[2024-05-25T15:02:06.766+0000] {processor.py:842} WARNING - No viable dags retrieved from /opt/airflow/dags/helpers.py
[2024-05-25T15:02:06.786+0000] {processor.py:183} INFO - Processing /opt/airflow/dags/helpers.py took 0.800 seconds
[2024-05-25T15:02:31.751+0000] {processor.py:161} INFO - Started process (PID=337) to work on /opt/airflow/dags/helpers.py
[2024-05-25T15:02:31.754+0000] {processor.py:830} INFO - Processing file /opt/airflow/dags/helpers.py for tasks to queue
[2024-05-25T15:02:31.759+0000] {logging_mixin.py:188} INFO - [2024-05-25T15:02:31.758+0000] {dagbag.py:545} INFO - Filling up the DagBag from /opt/airflow/dags/helpers.py
[2024-05-25T15:02:31.771+0000] {logging_mixin.py:188} INFO - [2024-05-25T15:02:31.771+0000] {dagbag.py:334} INFO - File /opt/airflow/dags/helpers.py assumed to contain no DAGs. Skipping.
[2024-05-25T15:02:31.772+0000] {processor.py:842} WARNING - No viable dags retrieved from /opt/airflow/dags/helpers.py
[2024-05-25T15:02:31.810+0000] {processor.py:183} INFO - Processing /opt/airflow/dags/helpers.py took 0.076 seconds
[2024-05-25T15:03:02.157+0000] {processor.py:161} INFO - Started process (PID=350) to work on /opt/airflow/dags/helpers.py
[2024-05-25T15:03:02.158+0000] {processor.py:830} INFO - Processing file /opt/airflow/dags/helpers.py for tasks to queue
[2024-05-25T15:03:02.162+0000] {logging_mixin.py:188} INFO - [2024-05-25T15:03:02.161+0000] {dagbag.py:545} INFO - Filling up the DagBag from /opt/airflow/dags/helpers.py
[2024-05-25T15:03:02.171+0000] {logging_mixin.py:188} INFO - [2024-05-25T15:03:02.171+0000] {dagbag.py:334} INFO - File /opt/airflow/dags/helpers.py assumed to contain no DAGs. Skipping.
[2024-05-25T15:03:02.172+0000] {processor.py:842} WARNING - No viable dags retrieved from /opt/airflow/dags/helpers.py
[2024-05-25T15:03:02.193+0000] {processor.py:183} INFO - Processing /opt/airflow/dags/helpers.py took 0.044 seconds
