[2024-05-25T14:49:05.176+0000] {processor.py:161} INFO - Started process (PID=43) to work on /opt/airflow/dags/process_csv_dag.py
[2024-05-25T14:49:05.178+0000] {processor.py:830} INFO - Processing file /opt/airflow/dags/process_csv_dag.py for tasks to queue
[2024-05-25T14:49:05.187+0000] {logging_mixin.py:188} INFO - [2024-05-25T14:49:05.186+0000] {dagbag.py:545} INFO - Filling up the DagBag from /opt/airflow/dags/process_csv_dag.py
[2024-05-25T14:49:05.245+0000] {processor.py:840} INFO - DAG(s) 'my_second_dag' retrieved from /opt/airflow/dags/process_csv_dag.py
[2024-05-25T14:49:05.364+0000] {logging_mixin.py:188} INFO - [2024-05-25T14:49:05.362+0000] {dag.py:3096} INFO - Sync 1 DAGs
[2024-05-25T14:49:05.415+0000] {logging_mixin.py:188} INFO - [2024-05-25T14:49:05.415+0000] {dag.py:3954} INFO - Setting next_dagrun for my_second_dag to None, run_after=None
[2024-05-25T14:49:05.469+0000] {processor.py:183} INFO - Processing /opt/airflow/dags/process_csv_dag.py took 0.313 seconds
[2024-05-25T14:49:36.354+0000] {processor.py:161} INFO - Started process (PID=53) to work on /opt/airflow/dags/process_csv_dag.py
[2024-05-25T14:49:36.357+0000] {processor.py:830} INFO - Processing file /opt/airflow/dags/process_csv_dag.py for tasks to queue
[2024-05-25T14:49:36.362+0000] {logging_mixin.py:188} INFO - [2024-05-25T14:49:36.361+0000] {dagbag.py:545} INFO - Filling up the DagBag from /opt/airflow/dags/process_csv_dag.py
[2024-05-25T14:49:36.489+0000] {processor.py:840} INFO - DAG(s) 'my_second_dag' retrieved from /opt/airflow/dags/process_csv_dag.py
[2024-05-25T14:49:36.684+0000] {logging_mixin.py:188} INFO - [2024-05-25T14:49:36.683+0000] {dag.py:3096} INFO - Sync 1 DAGs
[2024-05-25T14:49:36.899+0000] {logging_mixin.py:188} INFO - [2024-05-25T14:49:36.899+0000] {dag.py:3954} INFO - Setting next_dagrun for my_second_dag to None, run_after=None
[2024-05-25T14:49:36.983+0000] {processor.py:183} INFO - Processing /opt/airflow/dags/process_csv_dag.py took 0.647 seconds
[2024-05-25T14:50:07.221+0000] {processor.py:161} INFO - Started process (PID=63) to work on /opt/airflow/dags/process_csv_dag.py
[2024-05-25T14:50:07.226+0000] {processor.py:830} INFO - Processing file /opt/airflow/dags/process_csv_dag.py for tasks to queue
[2024-05-25T14:50:07.229+0000] {logging_mixin.py:188} INFO - [2024-05-25T14:50:07.228+0000] {dagbag.py:545} INFO - Filling up the DagBag from /opt/airflow/dags/process_csv_dag.py
[2024-05-25T14:50:07.264+0000] {processor.py:840} INFO - DAG(s) 'my_second_dag' retrieved from /opt/airflow/dags/process_csv_dag.py
[2024-05-25T14:50:09.786+0000] {logging_mixin.py:188} INFO - [2024-05-25T14:50:09.785+0000] {dag.py:3096} INFO - Sync 1 DAGs
[2024-05-25T14:50:09.833+0000] {logging_mixin.py:188} INFO - [2024-05-25T14:50:09.832+0000] {dag.py:3954} INFO - Setting next_dagrun for my_second_dag to None, run_after=None
[2024-05-25T14:50:09.897+0000] {processor.py:183} INFO - Processing /opt/airflow/dags/process_csv_dag.py took 2.684 seconds
[2024-05-25T14:50:40.440+0000] {processor.py:161} INFO - Started process (PID=73) to work on /opt/airflow/dags/process_csv_dag.py
[2024-05-25T14:50:40.442+0000] {processor.py:830} INFO - Processing file /opt/airflow/dags/process_csv_dag.py for tasks to queue
[2024-05-25T14:50:40.452+0000] {logging_mixin.py:188} INFO - [2024-05-25T14:50:40.446+0000] {dagbag.py:545} INFO - Filling up the DagBag from /opt/airflow/dags/process_csv_dag.py
[2024-05-25T14:50:40.506+0000] {processor.py:840} INFO - DAG(s) 'my_second_dag' retrieved from /opt/airflow/dags/process_csv_dag.py
[2024-05-25T14:50:40.634+0000] {logging_mixin.py:188} INFO - [2024-05-25T14:50:40.630+0000] {dag.py:3096} INFO - Sync 1 DAGs
[2024-05-25T14:50:40.692+0000] {logging_mixin.py:188} INFO - [2024-05-25T14:50:40.692+0000] {dag.py:3954} INFO - Setting next_dagrun for my_second_dag to None, run_after=None
[2024-05-25T14:50:41.383+0000] {processor.py:183} INFO - Processing /opt/airflow/dags/process_csv_dag.py took 0.964 seconds
[2024-05-25T14:51:11.922+0000] {processor.py:161} INFO - Started process (PID=83) to work on /opt/airflow/dags/process_csv_dag.py
[2024-05-25T14:51:11.926+0000] {processor.py:830} INFO - Processing file /opt/airflow/dags/process_csv_dag.py for tasks to queue
[2024-05-25T14:51:11.930+0000] {logging_mixin.py:188} INFO - [2024-05-25T14:51:11.929+0000] {dagbag.py:545} INFO - Filling up the DagBag from /opt/airflow/dags/process_csv_dag.py
[2024-05-25T14:51:11.959+0000] {processor.py:840} INFO - DAG(s) 'my_second_dag' retrieved from /opt/airflow/dags/process_csv_dag.py
[2024-05-25T14:51:12.029+0000] {logging_mixin.py:188} INFO - [2024-05-25T14:51:12.029+0000] {dag.py:3096} INFO - Sync 1 DAGs
[2024-05-25T14:51:12.097+0000] {logging_mixin.py:188} INFO - [2024-05-25T14:51:12.096+0000] {dag.py:3954} INFO - Setting next_dagrun for my_second_dag to None, run_after=None
[2024-05-25T14:51:12.195+0000] {processor.py:183} INFO - Processing /opt/airflow/dags/process_csv_dag.py took 0.265 seconds
[2024-05-25T14:51:42.251+0000] {processor.py:161} INFO - Started process (PID=93) to work on /opt/airflow/dags/process_csv_dag.py
[2024-05-25T14:51:42.252+0000] {processor.py:830} INFO - Processing file /opt/airflow/dags/process_csv_dag.py for tasks to queue
[2024-05-25T14:51:42.254+0000] {logging_mixin.py:188} INFO - [2024-05-25T14:51:42.253+0000] {dagbag.py:545} INFO - Filling up the DagBag from /opt/airflow/dags/process_csv_dag.py
[2024-05-25T14:51:42.275+0000] {processor.py:840} INFO - DAG(s) 'my_second_dag' retrieved from /opt/airflow/dags/process_csv_dag.py
[2024-05-25T14:51:42.302+0000] {logging_mixin.py:188} INFO - [2024-05-25T14:51:42.302+0000] {dag.py:3096} INFO - Sync 1 DAGs
[2024-05-25T14:51:42.317+0000] {logging_mixin.py:188} INFO - [2024-05-25T14:51:42.317+0000] {dag.py:3954} INFO - Setting next_dagrun for my_second_dag to None, run_after=None
[2024-05-25T14:51:42.341+0000] {processor.py:183} INFO - Processing /opt/airflow/dags/process_csv_dag.py took 0.096 seconds
[2024-05-25T14:52:12.560+0000] {processor.py:161} INFO - Started process (PID=103) to work on /opt/airflow/dags/process_csv_dag.py
[2024-05-25T14:52:12.561+0000] {processor.py:830} INFO - Processing file /opt/airflow/dags/process_csv_dag.py for tasks to queue
[2024-05-25T14:52:12.563+0000] {logging_mixin.py:188} INFO - [2024-05-25T14:52:12.562+0000] {dagbag.py:545} INFO - Filling up the DagBag from /opt/airflow/dags/process_csv_dag.py
[2024-05-25T14:52:12.586+0000] {processor.py:840} INFO - DAG(s) 'my_second_dag' retrieved from /opt/airflow/dags/process_csv_dag.py
[2024-05-25T14:52:12.617+0000] {logging_mixin.py:188} INFO - [2024-05-25T14:52:12.617+0000] {dag.py:3096} INFO - Sync 1 DAGs
[2024-05-25T14:52:12.631+0000] {logging_mixin.py:188} INFO - [2024-05-25T14:52:12.631+0000] {dag.py:3954} INFO - Setting next_dagrun for my_second_dag to None, run_after=None
[2024-05-25T14:52:12.656+0000] {processor.py:183} INFO - Processing /opt/airflow/dags/process_csv_dag.py took 0.102 seconds
[2024-05-25T14:52:42.940+0000] {processor.py:161} INFO - Started process (PID=113) to work on /opt/airflow/dags/process_csv_dag.py
[2024-05-25T14:52:42.942+0000] {processor.py:830} INFO - Processing file /opt/airflow/dags/process_csv_dag.py for tasks to queue
[2024-05-25T14:52:42.944+0000] {logging_mixin.py:188} INFO - [2024-05-25T14:52:42.944+0000] {dagbag.py:545} INFO - Filling up the DagBag from /opt/airflow/dags/process_csv_dag.py
[2024-05-25T14:52:42.965+0000] {processor.py:840} INFO - DAG(s) 'my_second_dag' retrieved from /opt/airflow/dags/process_csv_dag.py
[2024-05-25T14:52:42.993+0000] {logging_mixin.py:188} INFO - [2024-05-25T14:52:42.993+0000] {dag.py:3096} INFO - Sync 1 DAGs
[2024-05-25T14:52:43.009+0000] {logging_mixin.py:188} INFO - [2024-05-25T14:52:43.008+0000] {dag.py:3954} INFO - Setting next_dagrun for my_second_dag to None, run_after=None
[2024-05-25T14:52:43.032+0000] {processor.py:183} INFO - Processing /opt/airflow/dags/process_csv_dag.py took 0.098 seconds
[2024-05-25T14:53:13.160+0000] {processor.py:161} INFO - Started process (PID=124) to work on /opt/airflow/dags/process_csv_dag.py
[2024-05-25T14:53:13.164+0000] {processor.py:830} INFO - Processing file /opt/airflow/dags/process_csv_dag.py for tasks to queue
[2024-05-25T14:53:13.172+0000] {logging_mixin.py:188} INFO - [2024-05-25T14:53:13.171+0000] {dagbag.py:545} INFO - Filling up the DagBag from /opt/airflow/dags/process_csv_dag.py
[2024-05-25T14:53:13.226+0000] {processor.py:840} INFO - DAG(s) 'my_second_dag' retrieved from /opt/airflow/dags/process_csv_dag.py
[2024-05-25T14:53:13.329+0000] {logging_mixin.py:188} INFO - [2024-05-25T14:53:13.328+0000] {dag.py:3096} INFO - Sync 1 DAGs
[2024-05-25T14:53:13.378+0000] {logging_mixin.py:188} INFO - [2024-05-25T14:53:13.377+0000] {dag.py:3954} INFO - Setting next_dagrun for my_second_dag to None, run_after=None
[2024-05-25T14:53:13.429+0000] {processor.py:183} INFO - Processing /opt/airflow/dags/process_csv_dag.py took 0.292 seconds
[2024-05-25T14:53:43.888+0000] {processor.py:161} INFO - Started process (PID=134) to work on /opt/airflow/dags/process_csv_dag.py
[2024-05-25T14:53:43.890+0000] {processor.py:830} INFO - Processing file /opt/airflow/dags/process_csv_dag.py for tasks to queue
[2024-05-25T14:53:43.894+0000] {logging_mixin.py:188} INFO - [2024-05-25T14:53:43.893+0000] {dagbag.py:545} INFO - Filling up the DagBag from /opt/airflow/dags/process_csv_dag.py
[2024-05-25T14:53:43.925+0000] {processor.py:840} INFO - DAG(s) 'my_second_dag' retrieved from /opt/airflow/dags/process_csv_dag.py
[2024-05-25T14:53:43.967+0000] {logging_mixin.py:188} INFO - [2024-05-25T14:53:43.967+0000] {dag.py:3096} INFO - Sync 1 DAGs
[2024-05-25T14:53:43.991+0000] {logging_mixin.py:188} INFO - [2024-05-25T14:53:43.990+0000] {dag.py:3954} INFO - Setting next_dagrun for my_second_dag to None, run_after=None
[2024-05-25T14:53:44.020+0000] {processor.py:183} INFO - Processing /opt/airflow/dags/process_csv_dag.py took 0.145 seconds
[2024-05-25T14:54:14.304+0000] {processor.py:161} INFO - Started process (PID=144) to work on /opt/airflow/dags/process_csv_dag.py
[2024-05-25T14:54:14.306+0000] {processor.py:830} INFO - Processing file /opt/airflow/dags/process_csv_dag.py for tasks to queue
[2024-05-25T14:54:14.309+0000] {logging_mixin.py:188} INFO - [2024-05-25T14:54:14.309+0000] {dagbag.py:545} INFO - Filling up the DagBag from /opt/airflow/dags/process_csv_dag.py
[2024-05-25T14:54:14.343+0000] {processor.py:840} INFO - DAG(s) 'my_second_dag' retrieved from /opt/airflow/dags/process_csv_dag.py
[2024-05-25T14:54:14.404+0000] {logging_mixin.py:188} INFO - [2024-05-25T14:54:14.403+0000] {dag.py:3096} INFO - Sync 1 DAGs
[2024-05-25T14:54:14.463+0000] {logging_mixin.py:188} INFO - [2024-05-25T14:54:14.462+0000] {dag.py:3954} INFO - Setting next_dagrun for my_second_dag to None, run_after=None
[2024-05-25T14:54:14.515+0000] {processor.py:183} INFO - Processing /opt/airflow/dags/process_csv_dag.py took 0.220 seconds
[2024-05-25T14:54:45.117+0000] {processor.py:161} INFO - Started process (PID=182) to work on /opt/airflow/dags/process_csv_dag.py
[2024-05-25T14:54:45.126+0000] {processor.py:830} INFO - Processing file /opt/airflow/dags/process_csv_dag.py for tasks to queue
[2024-05-25T14:54:45.147+0000] {logging_mixin.py:188} INFO - [2024-05-25T14:54:45.145+0000] {dagbag.py:545} INFO - Filling up the DagBag from /opt/airflow/dags/process_csv_dag.py
[2024-05-25T14:54:45.378+0000] {processor.py:840} INFO - DAG(s) 'my_second_dag' retrieved from /opt/airflow/dags/process_csv_dag.py
[2024-05-25T14:54:45.710+0000] {logging_mixin.py:188} INFO - [2024-05-25T14:54:45.709+0000] {dag.py:3096} INFO - Sync 1 DAGs
[2024-05-25T14:54:45.800+0000] {logging_mixin.py:188} INFO - [2024-05-25T14:54:45.799+0000] {dag.py:3954} INFO - Setting next_dagrun for my_second_dag to None, run_after=None
[2024-05-25T14:54:45.868+0000] {processor.py:183} INFO - Processing /opt/airflow/dags/process_csv_dag.py took 0.823 seconds
[2024-05-25T14:55:16.249+0000] {processor.py:161} INFO - Started process (PID=190) to work on /opt/airflow/dags/process_csv_dag.py
[2024-05-25T14:55:16.252+0000] {processor.py:830} INFO - Processing file /opt/airflow/dags/process_csv_dag.py for tasks to queue
[2024-05-25T14:55:16.256+0000] {logging_mixin.py:188} INFO - [2024-05-25T14:55:16.255+0000] {dagbag.py:545} INFO - Filling up the DagBag from /opt/airflow/dags/process_csv_dag.py
[2024-05-25T14:55:16.279+0000] {processor.py:840} INFO - DAG(s) 'my_second_dag' retrieved from /opt/airflow/dags/process_csv_dag.py
[2024-05-25T14:55:16.326+0000] {logging_mixin.py:188} INFO - [2024-05-25T14:55:16.325+0000] {dag.py:3096} INFO - Sync 1 DAGs
[2024-05-25T14:55:16.347+0000] {logging_mixin.py:188} INFO - [2024-05-25T14:55:16.346+0000] {dag.py:3954} INFO - Setting next_dagrun for my_second_dag to None, run_after=None
[2024-05-25T14:55:16.377+0000] {processor.py:183} INFO - Processing /opt/airflow/dags/process_csv_dag.py took 0.136 seconds
[2024-05-25T14:55:46.839+0000] {processor.py:161} INFO - Started process (PID=200) to work on /opt/airflow/dags/process_csv_dag.py
[2024-05-25T14:55:46.847+0000] {processor.py:830} INFO - Processing file /opt/airflow/dags/process_csv_dag.py for tasks to queue
[2024-05-25T14:55:46.870+0000] {logging_mixin.py:188} INFO - [2024-05-25T14:55:46.868+0000] {dagbag.py:545} INFO - Filling up the DagBag from /opt/airflow/dags/process_csv_dag.py
[2024-05-25T14:55:46.923+0000] {processor.py:840} INFO - DAG(s) 'my_second_dag' retrieved from /opt/airflow/dags/process_csv_dag.py
[2024-05-25T14:55:47.029+0000] {logging_mixin.py:188} INFO - [2024-05-25T14:55:47.028+0000] {dag.py:3096} INFO - Sync 1 DAGs
[2024-05-25T14:55:47.142+0000] {logging_mixin.py:188} INFO - [2024-05-25T14:55:47.141+0000] {dag.py:3954} INFO - Setting next_dagrun for my_second_dag to None, run_after=None
[2024-05-25T14:55:47.171+0000] {processor.py:183} INFO - Processing /opt/airflow/dags/process_csv_dag.py took 0.377 seconds
[2024-05-25T14:56:17.755+0000] {processor.py:161} INFO - Started process (PID=210) to work on /opt/airflow/dags/process_csv_dag.py
[2024-05-25T14:56:17.756+0000] {processor.py:830} INFO - Processing file /opt/airflow/dags/process_csv_dag.py for tasks to queue
[2024-05-25T14:56:17.759+0000] {logging_mixin.py:188} INFO - [2024-05-25T14:56:17.759+0000] {dagbag.py:545} INFO - Filling up the DagBag from /opt/airflow/dags/process_csv_dag.py
[2024-05-25T14:56:17.812+0000] {processor.py:840} INFO - DAG(s) 'my_second_dag' retrieved from /opt/airflow/dags/process_csv_dag.py
[2024-05-25T14:56:17.853+0000] {logging_mixin.py:188} INFO - [2024-05-25T14:56:17.853+0000] {dag.py:3096} INFO - Sync 1 DAGs
[2024-05-25T14:56:17.869+0000] {logging_mixin.py:188} INFO - [2024-05-25T14:56:17.869+0000] {dag.py:3954} INFO - Setting next_dagrun for my_second_dag to None, run_after=None
[2024-05-25T14:56:17.891+0000] {processor.py:183} INFO - Processing /opt/airflow/dags/process_csv_dag.py took 0.144 seconds
[2024-05-25T14:56:47.983+0000] {processor.py:161} INFO - Started process (PID=220) to work on /opt/airflow/dags/process_csv_dag.py
[2024-05-25T14:56:47.985+0000] {processor.py:830} INFO - Processing file /opt/airflow/dags/process_csv_dag.py for tasks to queue
[2024-05-25T14:56:47.987+0000] {logging_mixin.py:188} INFO - [2024-05-25T14:56:47.987+0000] {dagbag.py:545} INFO - Filling up the DagBag from /opt/airflow/dags/process_csv_dag.py
[2024-05-25T14:56:48.015+0000] {processor.py:840} INFO - DAG(s) 'my_second_dag' retrieved from /opt/airflow/dags/process_csv_dag.py
[2024-05-25T14:56:48.051+0000] {logging_mixin.py:188} INFO - [2024-05-25T14:56:48.051+0000] {dag.py:3096} INFO - Sync 1 DAGs
[2024-05-25T14:56:48.066+0000] {logging_mixin.py:188} INFO - [2024-05-25T14:56:48.065+0000] {dag.py:3954} INFO - Setting next_dagrun for my_second_dag to None, run_after=None
[2024-05-25T14:56:48.089+0000] {processor.py:183} INFO - Processing /opt/airflow/dags/process_csv_dag.py took 0.113 seconds
[2024-05-25T14:57:18.218+0000] {processor.py:161} INFO - Started process (PID=233) to work on /opt/airflow/dags/process_csv_dag.py
[2024-05-25T14:57:18.221+0000] {processor.py:830} INFO - Processing file /opt/airflow/dags/process_csv_dag.py for tasks to queue
[2024-05-25T14:57:18.227+0000] {logging_mixin.py:188} INFO - [2024-05-25T14:57:18.227+0000] {dagbag.py:545} INFO - Filling up the DagBag from /opt/airflow/dags/process_csv_dag.py
[2024-05-25T14:57:18.278+0000] {processor.py:840} INFO - DAG(s) 'my_second_dag' retrieved from /opt/airflow/dags/process_csv_dag.py
[2024-05-25T14:57:18.351+0000] {logging_mixin.py:188} INFO - [2024-05-25T14:57:18.350+0000] {dag.py:3096} INFO - Sync 1 DAGs
[2024-05-25T14:57:18.380+0000] {logging_mixin.py:188} INFO - [2024-05-25T14:57:18.379+0000] {dag.py:3954} INFO - Setting next_dagrun for my_second_dag to None, run_after=None
[2024-05-25T14:57:18.423+0000] {processor.py:183} INFO - Processing /opt/airflow/dags/process_csv_dag.py took 0.218 seconds
[2024-05-25T14:57:48.570+0000] {processor.py:161} INFO - Started process (PID=243) to work on /opt/airflow/dags/process_csv_dag.py
[2024-05-25T14:57:48.574+0000] {processor.py:830} INFO - Processing file /opt/airflow/dags/process_csv_dag.py for tasks to queue
[2024-05-25T14:57:48.578+0000] {logging_mixin.py:188} INFO - [2024-05-25T14:57:48.578+0000] {dagbag.py:545} INFO - Filling up the DagBag from /opt/airflow/dags/process_csv_dag.py
[2024-05-25T14:57:48.613+0000] {processor.py:840} INFO - DAG(s) 'my_second_dag' retrieved from /opt/airflow/dags/process_csv_dag.py
[2024-05-25T14:57:48.658+0000] {logging_mixin.py:188} INFO - [2024-05-25T14:57:48.657+0000] {dag.py:3096} INFO - Sync 1 DAGs
[2024-05-25T14:57:48.689+0000] {logging_mixin.py:188} INFO - [2024-05-25T14:57:48.689+0000] {dag.py:3954} INFO - Setting next_dagrun for my_second_dag to None, run_after=None
[2024-05-25T14:57:48.739+0000] {processor.py:183} INFO - Processing /opt/airflow/dags/process_csv_dag.py took 0.180 seconds
[2024-05-25T14:58:19.677+0000] {processor.py:161} INFO - Started process (PID=253) to work on /opt/airflow/dags/process_csv_dag.py
[2024-05-25T14:58:19.678+0000] {processor.py:830} INFO - Processing file /opt/airflow/dags/process_csv_dag.py for tasks to queue
[2024-05-25T14:58:19.680+0000] {logging_mixin.py:188} INFO - [2024-05-25T14:58:19.680+0000] {dagbag.py:545} INFO - Filling up the DagBag from /opt/airflow/dags/process_csv_dag.py
[2024-05-25T14:58:19.706+0000] {processor.py:840} INFO - DAG(s) 'my_second_dag' retrieved from /opt/airflow/dags/process_csv_dag.py
[2024-05-25T14:58:19.749+0000] {logging_mixin.py:188} INFO - [2024-05-25T14:58:19.749+0000] {dag.py:3096} INFO - Sync 1 DAGs
[2024-05-25T14:58:19.768+0000] {logging_mixin.py:188} INFO - [2024-05-25T14:58:19.768+0000] {dag.py:3954} INFO - Setting next_dagrun for my_second_dag to None, run_after=None
[2024-05-25T14:58:19.793+0000] {processor.py:183} INFO - Processing /opt/airflow/dags/process_csv_dag.py took 0.123 seconds
[2024-05-25T14:58:50.098+0000] {processor.py:161} INFO - Started process (PID=263) to work on /opt/airflow/dags/process_csv_dag.py
[2024-05-25T14:58:50.099+0000] {processor.py:830} INFO - Processing file /opt/airflow/dags/process_csv_dag.py for tasks to queue
[2024-05-25T14:58:50.101+0000] {logging_mixin.py:188} INFO - [2024-05-25T14:58:50.101+0000] {dagbag.py:545} INFO - Filling up the DagBag from /opt/airflow/dags/process_csv_dag.py
[2024-05-25T14:58:50.122+0000] {processor.py:840} INFO - DAG(s) 'my_second_dag' retrieved from /opt/airflow/dags/process_csv_dag.py
[2024-05-25T14:58:50.156+0000] {logging_mixin.py:188} INFO - [2024-05-25T14:58:50.155+0000] {dag.py:3096} INFO - Sync 1 DAGs
[2024-05-25T14:58:50.174+0000] {logging_mixin.py:188} INFO - [2024-05-25T14:58:50.174+0000] {dag.py:3954} INFO - Setting next_dagrun for my_second_dag to None, run_after=None
[2024-05-25T14:58:50.203+0000] {processor.py:183} INFO - Processing /opt/airflow/dags/process_csv_dag.py took 0.112 seconds
[2024-05-25T14:59:20.624+0000] {processor.py:161} INFO - Started process (PID=273) to work on /opt/airflow/dags/process_csv_dag.py
[2024-05-25T14:59:20.625+0000] {processor.py:830} INFO - Processing file /opt/airflow/dags/process_csv_dag.py for tasks to queue
[2024-05-25T14:59:20.628+0000] {logging_mixin.py:188} INFO - [2024-05-25T14:59:20.627+0000] {dagbag.py:545} INFO - Filling up the DagBag from /opt/airflow/dags/process_csv_dag.py
[2024-05-25T14:59:20.661+0000] {processor.py:840} INFO - DAG(s) 'my_second_dag' retrieved from /opt/airflow/dags/process_csv_dag.py
[2024-05-25T14:59:20.696+0000] {logging_mixin.py:188} INFO - [2024-05-25T14:59:20.696+0000] {dag.py:3096} INFO - Sync 1 DAGs
[2024-05-25T14:59:20.712+0000] {logging_mixin.py:188} INFO - [2024-05-25T14:59:20.711+0000] {dag.py:3954} INFO - Setting next_dagrun for my_second_dag to None, run_after=None
[2024-05-25T14:59:20.734+0000] {processor.py:183} INFO - Processing /opt/airflow/dags/process_csv_dag.py took 0.116 seconds
[2024-05-25T14:59:50.871+0000] {processor.py:161} INFO - Started process (PID=283) to work on /opt/airflow/dags/process_csv_dag.py
[2024-05-25T14:59:50.872+0000] {processor.py:830} INFO - Processing file /opt/airflow/dags/process_csv_dag.py for tasks to queue
[2024-05-25T14:59:50.875+0000] {logging_mixin.py:188} INFO - [2024-05-25T14:59:50.874+0000] {dagbag.py:545} INFO - Filling up the DagBag from /opt/airflow/dags/process_csv_dag.py
[2024-05-25T14:59:50.906+0000] {processor.py:840} INFO - DAG(s) 'my_second_dag' retrieved from /opt/airflow/dags/process_csv_dag.py
[2024-05-25T14:59:50.940+0000] {logging_mixin.py:188} INFO - [2024-05-25T14:59:50.939+0000] {dag.py:3096} INFO - Sync 1 DAGs
[2024-05-25T14:59:50.955+0000] {logging_mixin.py:188} INFO - [2024-05-25T14:59:50.955+0000] {dag.py:3954} INFO - Setting next_dagrun for my_second_dag to None, run_after=None
[2024-05-25T14:59:50.979+0000] {processor.py:183} INFO - Processing /opt/airflow/dags/process_csv_dag.py took 0.115 seconds
[2024-05-25T15:00:21.018+0000] {processor.py:161} INFO - Started process (PID=293) to work on /opt/airflow/dags/process_csv_dag.py
[2024-05-25T15:00:21.019+0000] {processor.py:830} INFO - Processing file /opt/airflow/dags/process_csv_dag.py for tasks to queue
[2024-05-25T15:00:21.021+0000] {logging_mixin.py:188} INFO - [2024-05-25T15:00:21.021+0000] {dagbag.py:545} INFO - Filling up the DagBag from /opt/airflow/dags/process_csv_dag.py
[2024-05-25T15:00:21.048+0000] {processor.py:840} INFO - DAG(s) 'my_second_dag' retrieved from /opt/airflow/dags/process_csv_dag.py
[2024-05-25T15:00:21.083+0000] {logging_mixin.py:188} INFO - [2024-05-25T15:00:21.082+0000] {dag.py:3096} INFO - Sync 1 DAGs
[2024-05-25T15:00:21.097+0000] {logging_mixin.py:188} INFO - [2024-05-25T15:00:21.097+0000] {dag.py:3954} INFO - Setting next_dagrun for my_second_dag to None, run_after=None
[2024-05-25T15:00:21.120+0000] {processor.py:183} INFO - Processing /opt/airflow/dags/process_csv_dag.py took 0.108 seconds
[2024-05-25T15:00:51.268+0000] {processor.py:161} INFO - Started process (PID=303) to work on /opt/airflow/dags/process_csv_dag.py
[2024-05-25T15:00:51.270+0000] {processor.py:830} INFO - Processing file /opt/airflow/dags/process_csv_dag.py for tasks to queue
[2024-05-25T15:00:51.273+0000] {logging_mixin.py:188} INFO - [2024-05-25T15:00:51.272+0000] {dagbag.py:545} INFO - Filling up the DagBag from /opt/airflow/dags/process_csv_dag.py
[2024-05-25T15:00:51.301+0000] {processor.py:840} INFO - DAG(s) 'my_second_dag' retrieved from /opt/airflow/dags/process_csv_dag.py
[2024-05-25T15:00:51.344+0000] {logging_mixin.py:188} INFO - [2024-05-25T15:00:51.344+0000] {dag.py:3096} INFO - Sync 1 DAGs
[2024-05-25T15:00:51.361+0000] {logging_mixin.py:188} INFO - [2024-05-25T15:00:51.361+0000] {dag.py:3954} INFO - Setting next_dagrun for my_second_dag to None, run_after=None
[2024-05-25T15:00:51.389+0000] {processor.py:183} INFO - Processing /opt/airflow/dags/process_csv_dag.py took 0.133 seconds
[2024-05-25T15:01:21.490+0000] {processor.py:161} INFO - Started process (PID=313) to work on /opt/airflow/dags/process_csv_dag.py
[2024-05-25T15:01:21.492+0000] {processor.py:830} INFO - Processing file /opt/airflow/dags/process_csv_dag.py for tasks to queue
[2024-05-25T15:01:21.495+0000] {logging_mixin.py:188} INFO - [2024-05-25T15:01:21.495+0000] {dagbag.py:545} INFO - Filling up the DagBag from /opt/airflow/dags/process_csv_dag.py
[2024-05-25T15:01:21.518+0000] {processor.py:840} INFO - DAG(s) 'my_second_dag' retrieved from /opt/airflow/dags/process_csv_dag.py
[2024-05-25T15:01:21.551+0000] {logging_mixin.py:188} INFO - [2024-05-25T15:01:21.550+0000] {dag.py:3096} INFO - Sync 1 DAGs
[2024-05-25T15:01:21.572+0000] {logging_mixin.py:188} INFO - [2024-05-25T15:01:21.571+0000] {dag.py:3954} INFO - Setting next_dagrun for my_second_dag to None, run_after=None
[2024-05-25T15:01:21.601+0000] {processor.py:183} INFO - Processing /opt/airflow/dags/process_csv_dag.py took 0.118 seconds
[2024-05-25T15:01:51.736+0000] {processor.py:161} INFO - Started process (PID=323) to work on /opt/airflow/dags/process_csv_dag.py
[2024-05-25T15:01:51.740+0000] {processor.py:830} INFO - Processing file /opt/airflow/dags/process_csv_dag.py for tasks to queue
[2024-05-25T15:01:51.743+0000] {logging_mixin.py:188} INFO - [2024-05-25T15:01:51.742+0000] {dagbag.py:545} INFO - Filling up the DagBag from /opt/airflow/dags/process_csv_dag.py
[2024-05-25T15:01:51.773+0000] {processor.py:840} INFO - DAG(s) 'my_second_dag' retrieved from /opt/airflow/dags/process_csv_dag.py
[2024-05-25T15:01:51.830+0000] {logging_mixin.py:188} INFO - [2024-05-25T15:01:51.829+0000] {dag.py:3096} INFO - Sync 1 DAGs
[2024-05-25T15:01:51.858+0000] {logging_mixin.py:188} INFO - [2024-05-25T15:01:51.857+0000] {dag.py:3954} INFO - Setting next_dagrun for my_second_dag to None, run_after=None
[2024-05-25T15:01:51.894+0000] {processor.py:183} INFO - Processing /opt/airflow/dags/process_csv_dag.py took 0.166 seconds
[2024-05-25T15:02:22.132+0000] {processor.py:161} INFO - Started process (PID=334) to work on /opt/airflow/dags/process_csv_dag.py
[2024-05-25T15:02:22.134+0000] {processor.py:830} INFO - Processing file /opt/airflow/dags/process_csv_dag.py for tasks to queue
[2024-05-25T15:02:22.137+0000] {logging_mixin.py:188} INFO - [2024-05-25T15:02:22.136+0000] {dagbag.py:545} INFO - Filling up the DagBag from /opt/airflow/dags/process_csv_dag.py
[2024-05-25T15:02:22.166+0000] {processor.py:840} INFO - DAG(s) 'my_second_dag' retrieved from /opt/airflow/dags/process_csv_dag.py
[2024-05-25T15:02:22.207+0000] {logging_mixin.py:188} INFO - [2024-05-25T15:02:22.207+0000] {dag.py:3096} INFO - Sync 1 DAGs
[2024-05-25T15:02:22.227+0000] {logging_mixin.py:188} INFO - [2024-05-25T15:02:22.226+0000] {dag.py:3954} INFO - Setting next_dagrun for my_second_dag to None, run_after=None
[2024-05-25T15:02:22.255+0000] {processor.py:183} INFO - Processing /opt/airflow/dags/process_csv_dag.py took 0.132 seconds
[2024-05-25T15:02:35.862+0000] {processor.py:161} INFO - Started process (PID=338) to work on /opt/airflow/dags/process_csv_dag.py
[2024-05-25T15:02:35.864+0000] {processor.py:830} INFO - Processing file /opt/airflow/dags/process_csv_dag.py for tasks to queue
[2024-05-25T15:02:35.868+0000] {logging_mixin.py:188} INFO - [2024-05-25T15:02:35.867+0000] {dagbag.py:545} INFO - Filling up the DagBag from /opt/airflow/dags/process_csv_dag.py
[2024-05-25T15:02:35.922+0000] {processor.py:840} INFO - DAG(s) 'my_second_dag' retrieved from /opt/airflow/dags/process_csv_dag.py
[2024-05-25T15:02:35.984+0000] {logging_mixin.py:188} INFO - [2024-05-25T15:02:35.984+0000] {dag.py:3096} INFO - Sync 1 DAGs
[2024-05-25T15:02:36.035+0000] {logging_mixin.py:188} INFO - [2024-05-25T15:02:36.035+0000] {dag.py:3954} INFO - Setting next_dagrun for my_second_dag to None, run_after=None
[2024-05-25T15:02:36.171+0000] {processor.py:183} INFO - Processing /opt/airflow/dags/process_csv_dag.py took 0.324 seconds
[2024-05-25T15:02:38.189+0000] {processor.py:161} INFO - Started process (PID=339) to work on /opt/airflow/dags/process_csv_dag.py
[2024-05-25T15:02:38.192+0000] {processor.py:830} INFO - Processing file /opt/airflow/dags/process_csv_dag.py for tasks to queue
[2024-05-25T15:02:38.198+0000] {logging_mixin.py:188} INFO - [2024-05-25T15:02:38.197+0000] {dagbag.py:545} INFO - Filling up the DagBag from /opt/airflow/dags/process_csv_dag.py
[2024-05-25T15:02:38.294+0000] {processor.py:840} INFO - DAG(s) 'my_second_dag' retrieved from /opt/airflow/dags/process_csv_dag.py
[2024-05-25T15:02:38.470+0000] {logging_mixin.py:188} INFO - [2024-05-25T15:02:38.469+0000] {dag.py:3096} INFO - Sync 1 DAGs
[2024-05-25T15:02:38.552+0000] {logging_mixin.py:188} INFO - [2024-05-25T15:02:38.551+0000] {dag.py:3954} INFO - Setting next_dagrun for my_second_dag to None, run_after=None
[2024-05-25T15:02:38.718+0000] {processor.py:183} INFO - Processing /opt/airflow/dags/process_csv_dag.py took 0.545 seconds
[2024-05-25T15:02:40.477+0000] {processor.py:161} INFO - Started process (PID=346) to work on /opt/airflow/dags/process_csv_dag.py
[2024-05-25T15:02:40.480+0000] {processor.py:830} INFO - Processing file /opt/airflow/dags/process_csv_dag.py for tasks to queue
[2024-05-25T15:02:40.484+0000] {logging_mixin.py:188} INFO - [2024-05-25T15:02:40.483+0000] {dagbag.py:545} INFO - Filling up the DagBag from /opt/airflow/dags/process_csv_dag.py
[2024-05-25T15:02:40.546+0000] {processor.py:840} INFO - DAG(s) 'my_second_dag' retrieved from /opt/airflow/dags/process_csv_dag.py
[2024-05-25T15:02:40.616+0000] {logging_mixin.py:188} INFO - [2024-05-25T15:02:40.615+0000] {dag.py:3096} INFO - Sync 1 DAGs
[2024-05-25T15:02:40.654+0000] {logging_mixin.py:188} INFO - [2024-05-25T15:02:40.653+0000] {dag.py:3954} INFO - Setting next_dagrun for my_second_dag to None, run_after=None
[2024-05-25T15:02:40.750+0000] {processor.py:183} INFO - Processing /opt/airflow/dags/process_csv_dag.py took 0.288 seconds
[2024-05-25T15:02:45.579+0000] {processor.py:161} INFO - Started process (PID=347) to work on /opt/airflow/dags/process_csv_dag.py
[2024-05-25T15:02:45.581+0000] {processor.py:830} INFO - Processing file /opt/airflow/dags/process_csv_dag.py for tasks to queue
[2024-05-25T15:02:45.585+0000] {logging_mixin.py:188} INFO - [2024-05-25T15:02:45.584+0000] {dagbag.py:545} INFO - Filling up the DagBag from /opt/airflow/dags/process_csv_dag.py
[2024-05-25T15:02:45.644+0000] {processor.py:840} INFO - DAG(s) 'my_second_dag' retrieved from /opt/airflow/dags/process_csv_dag.py
[2024-05-25T15:02:45.784+0000] {logging_mixin.py:188} INFO - [2024-05-25T15:02:45.783+0000] {dag.py:3096} INFO - Sync 1 DAGs
[2024-05-25T15:02:45.846+0000] {logging_mixin.py:188} INFO - [2024-05-25T15:02:45.846+0000] {dag.py:3954} INFO - Setting next_dagrun for my_second_dag to None, run_after=None
[2024-05-25T15:02:45.899+0000] {processor.py:183} INFO - Processing /opt/airflow/dags/process_csv_dag.py took 0.337 seconds
[2024-05-25T15:02:48.990+0000] {processor.py:161} INFO - Started process (PID=348) to work on /opt/airflow/dags/process_csv_dag.py
[2024-05-25T15:02:48.994+0000] {processor.py:830} INFO - Processing file /opt/airflow/dags/process_csv_dag.py for tasks to queue
[2024-05-25T15:02:49.001+0000] {logging_mixin.py:188} INFO - [2024-05-25T15:02:49.000+0000] {dagbag.py:545} INFO - Filling up the DagBag from /opt/airflow/dags/process_csv_dag.py
[2024-05-25T15:02:49.082+0000] {processor.py:840} INFO - DAG(s) 'my_second_dag' retrieved from /opt/airflow/dags/process_csv_dag.py
[2024-05-25T15:02:49.141+0000] {logging_mixin.py:188} INFO - [2024-05-25T15:02:49.141+0000] {dag.py:3096} INFO - Sync 1 DAGs
[2024-05-25T15:02:49.167+0000] {logging_mixin.py:188} INFO - [2024-05-25T15:02:49.167+0000] {dag.py:3954} INFO - Setting next_dagrun for my_second_dag to None, run_after=None
[2024-05-25T15:02:49.223+0000] {processor.py:183} INFO - Processing /opt/airflow/dags/process_csv_dag.py took 0.246 seconds
