[2024-05-24T12:38:03.086+0000] {local_task_job_runner.py:120} INFO - ::group::Pre task execution logs
[2024-05-24T12:38:03.198+0000] {taskinstance.py:2076} INFO - Dependencies all met for dep_context=non-requeueable deps ti=<TaskInstance: hello_world_dag.hello_world_task2 scheduled__2023-11-29T00:00:00+00:00 [queued]>
[2024-05-24T12:38:03.240+0000] {taskinstance.py:2076} INFO - Dependencies all met for dep_context=requeueable deps ti=<TaskInstance: hello_world_dag.hello_world_task2 scheduled__2023-11-29T00:00:00+00:00 [queued]>
[2024-05-24T12:38:03.242+0000] {taskinstance.py:2306} INFO - Starting attempt 1 of 1
[2024-05-24T12:38:03.313+0000] {taskinstance.py:2330} INFO - Executing <Task(BashOperator): hello_world_task2> on 2023-11-29 00:00:00+00:00
[2024-05-24T12:38:03.342+0000] {standard_task_runner.py:90} INFO - Running: ['***', 'tasks', 'run', 'hello_world_dag', 'hello_world_task2', 'scheduled__2023-11-29T00:00:00+00:00', '--job-id', '102', '--raw', '--subdir', 'DAGS_FOLDER/process_csv_dag.py', '--cfg-path', '/tmp/tmp46_0l7e9']
[2024-05-24T12:38:03.356+0000] {standard_task_runner.py:91} INFO - Job 102: Subtask hello_world_task2
[2024-05-24T12:38:03.344+0000] {warnings.py:110} WARNING - /home/***/.local/lib/python3.12/site-packages/***/task/task_runner/standard_task_runner.py:61: DeprecationWarning: This process (pid=397) is multi-threaded, use of fork() may lead to deadlocks in the child.
  pid = os.fork()

[2024-05-24T12:38:03.361+0000] {standard_task_runner.py:63} INFO - Started process 405 to run task
[2024-05-24T12:38:03.611+0000] {task_command.py:426} INFO - Running <TaskInstance: hello_world_dag.hello_world_task2 scheduled__2023-11-29T00:00:00+00:00 [running]> on host 4826d776a63f
[2024-05-24T12:38:03.947+0000] {taskinstance.py:2648} INFO - Exporting env vars: AIRFLOW_CTX_DAG_OWNER='***' AIRFLOW_CTX_DAG_ID='hello_world_dag' AIRFLOW_CTX_TASK_ID='hello_world_task2' AIRFLOW_CTX_EXECUTION_DATE='2023-11-29T00:00:00+00:00' AIRFLOW_CTX_TRY_NUMBER='1' AIRFLOW_CTX_DAG_RUN_ID='scheduled__2023-11-29T00:00:00+00:00'
[2024-05-24T12:38:03.950+0000] {taskinstance.py:430} INFO - ::endgroup::
[2024-05-24T12:38:04.142+0000] {subprocess.py:63} INFO - Tmp dir root location: /tmp
[2024-05-24T12:38:04.157+0000] {subprocess.py:75} INFO - Running command: ['/usr/bin/bash', '-c', "echo 'Hello World! Now I am triggered after the first task!'"]
[2024-05-24T12:38:04.205+0000] {subprocess.py:86} INFO - Output:
[2024-05-24T12:38:04.318+0000] {subprocess.py:93} INFO - Hello World! Now I am triggered after the first task!
[2024-05-24T12:38:04.334+0000] {subprocess.py:97} INFO - Command exited with return code 0
[2024-05-24T12:38:04.354+0000] {taskinstance.py:441} INFO - ::group::Post task execution logs
[2024-05-24T12:38:04.634+0000] {taskinstance.py:1206} INFO - Marking task as SUCCESS. dag_id=hello_world_dag, task_id=hello_world_task2, run_id=scheduled__2023-11-29T00:00:00+00:00, execution_date=20231129T000000, start_date=20240524T123803, end_date=20240524T123804
[2024-05-24T12:38:04.741+0000] {local_task_job_runner.py:240} INFO - Task exited with return code 0
[2024-05-24T12:38:04.890+0000] {local_task_job_runner.py:222} INFO - ::endgroup::
